LogName=Security
SourceName=Microsoft Windows security auditing.
EventCode=4688
EventType=0
Type=Information
ComputerName=we3652srv.waynecorpinc.local
TaskCategory=Process Creation
OpCode=Info
RecordNumber=25219
Keywords=Audit Success
Message=A new process has been created.

Subject:
	Security ID:		NT AUTHORITY\SYSTEM
	Account Name:		we3652srv$
	Account Domain:		WAYNECORPINC
	Logon ID:		0x3E7

Process Information:
	New Process ID:		0x97c
	New Process Name:	C:\Program Files\SplunkUniversalForwarder\bin\splunk-winprintmon.exe
	Token Elevation Type:	TokenElevationTypeDefault (1)
	Creator Process ID:	0xddc
	Process Command Line:	""C:\Program Files\SplunkUniversalForwarder\bin\splunk-winprintmon.exe""

Token Elevation Type indicates the type of token that was assigned to the new process in accordance with User Account Control policy.

Type 1 is a full token with no privileges removed or groups disabled.  A full token is only used if User Account Control is disabled or if the user is the built-in Administrator account or a service account.

Type 2 is an elevated token with no privileges removed or groups disabled.  An elevated token is used when User Account Control is enabled and the user chooses to start the program using Run as administrator.  An elevated token is also used when an application is configured to always require administrative privilege or to always require maximum privilege, and the user is a member of the Administrators group.

Type 3 is a limited token with administrative privileges removed and administrative groups disabled.  The limited token is used when User Account Control is enabled, the application does not require administrative privilege, and the user does not choose to start the program using Run as administrator.
",41169,"['kraken.local', 'botsv1']",WinEventLog:Security,2016-08-28 16:02:20.000 MDT,,,,,,,,,,,,,,,,,,,,,,,,,,,,,,,,,,,,,,Создание процесса (следить за подозрительными процессами),MEDIUM
WAYNECORPINC,we5156srv$,we5156srv.waynecorpinc.local,,4689,0,Audit Success,Security,0x3E7,"A process has exited.

Subject:
	Security ID:		NT AUTHORITY\SYSTEM
	Account Name:		we5156srv$
	Account Domain:		WAYNECORPINC
	Logon ID:		0x3E7

Process Information:
	Process ID:	0xbb8
	Process Name:	C:\Program Files\SplunkUniversalForwarder\bin\splunk-powershell.exe
	Exit Status:	0x1",,,Info,,517128,NT AUTHORITY\SYSTEM,Microsoft Windows security auditing.,Process Termination,,,Information,success,win:unknown,"A process has exited.

Subject:
	Security ID:		NT AUTHORITY\SYSTEM
	Account Name:		we5156srv$
	Account Domain:		WAYNECORPINC
	Logon ID:		0x3E7

Process Information:
	Process ID:	0xbb8
	Process Name:	C:\Program Files\SplunkUniversalForwarder\bin\splunk-powershell.exe
	Exit Status:	0x1",22,28,2,august,19,sunday,2016,local,we5156srv.waynecorpinc.local,WAYNECORPINC,we5156srv.waynecorpinc.local,we5156srv,we5156srv,517128,"['windows_process_exit', 'wineventlog_security', 'wineventlog_windows', 'winsec']",we5156srv,517128,botsv1,24,we5156srv$,NT AUTHORITY\SYSTEM,NT AUTHORITY\,A process has exited,WinEventLog:Security,Windows,//_::_==___.====..=_===_=___.:t_:tt_\t_:tt$t_:ttt_,0x3E7,Information,0,A process has exited,4689,WinEventLog:Security,WinEventLog:Security,kraken.local,we5156srv.waynecorpinc.local,NT AUTHORITY,success,A process has exited,"['execute', 'os', 'process', 'security', 'stop', 'windows']","['execute', 'os', 'process', 'security', 'stop', 'windows']",23,0,we5156srv$,Microsoft,botsv1~59~25FE58F7-C438-478E-AC42-625F7A4D81D6,59:820450134,none,1473364338,"08/28/2016 22:02:19 PM
LogName=Security
SourceName=Microsoft Windows security auditing.
EventCode=4689
EventType=0
Type=Information
ComputerName=we5156srv.waynecorpinc.local
TaskCategory=Process Termination
OpCode=Info
RecordNumber=517128
Keywords=Audit Success","08/28/2016 22:02:19 PM
LogName=Security
SourceName=Microsoft Windows security auditing.
EventCode=4689
EventType=0
Type=Information
ComputerName=we5156srv.waynecorpinc.local
TaskCategory=Process Termination
OpCode=Info
RecordNumber=517128
Keywords=Audit Success
Message=A process has exited.

Subject:
	Security ID:		NT AUTHORITY\SYSTEM
	Account Name:		we5156srv$
	Account Domain:		WAYNECORPINC
	Logon ID:		0x3E7

Process Information:
	Process ID:	0xbb8
	Process Name:	C:\Program Files\SplunkUniversalForwarder\bin\splunk-powershell.exe
	Exit Status:	0x1
",41170,"['kraken.local', 'botsv1']",WinEventLog:Security,2016-08-28 16:02:19.000 MDT,0x1,0xbb8,C:\Program Files\SplunkUniversalForwarder\bin\splunk-powershell.exe,,,,,,,,,,,,,,,,,,,,,,,,,,,,,,,,,,,Завершение процесса,LOW
WAYNECORPINC,we7006srv$,we7006srv.waynecorpinc.local,0xc24,4688,0,Audit Success,Security,0x3E7,"A new process has been created.

Subject:
	Security ID:		NT AUTHORITY\SYSTEM
	Account Name:		we7006srv$
	Account Domain:		WAYNECORPINC
	Logon ID:		0x3E7

Process Information:
	New Process ID:		0xc98
	New Process Name:	C:\Program Files\SplunkUniversalForwarder\bin\splunk-winprintmon.exe
	Token Elevation Type:	TokenElevationTypeDefault (1)
	Creator Process ID:	0xc24
	Process Command Line:	""C:\Program Files\SplunkUniversalForwarder\bin\splunk-winprintmon.exe""

Token Elevation Type indicates the type of token that was assigned to the new process in accordance with User Account Control policy.

Type 1 is a full token with no privileges removed or groups disabled.  A full token is only used if User Account Control is disabled or if the user is the built-in Administrator account or a service account.

Type 2 is an elevated token with no privileges removed or groups disabled.  An elevated token is used when User Account Control is enabled and the user chooses to start the program using Run as administrator.  An elevated token is also used when an application is configured to always require administrative privilege or to always require maximum privilege, and the user is a member of the Administrators group.

Type 3 is a limited token with administrative privileges removed and administrative groups disabled.  The limited token is used when User Account Control is enabled, the application does not require administrative privilege, and the user does not choose to start the program using Run as administrator.",0xc98,C:\Program Files\SplunkUniversalForwarder\bin\splunk-winprintmon.exe,Info,"""C:\Program Files\SplunkUniversalForwarder\bin\splunk-winprintmon.exe""",30432,NT AUTHORITY\SYSTEM,Microsoft Windows security auditing.,Process Creation,TokenElevationTypeDefault (1),1,Information,success,win:unknown,"A new process has been created.

Subject:
	Security ID:		NT AUTHORITY\SYSTEM
	Account Name:		we7006srv$
	Account Domain:		WAYNECORPINC
	Logon ID:		0x3E7

Process Information:
	New Process ID:		0xc98
	New Process Name:	C:\Program Files\SplunkUniversalForwarder\bin\splunk-winprintmon.exe
	Token Elevation Type:	TokenElevationTypeDefault (1)
	Creator Process ID:	0xc24
	Process Command Line:	""C:\Program Files\SplunkUniversalForwarder\bin\splunk-winprintmon.exe""

Token Elevation Type indicates the type of token that was assigned to the new process in accordance with User Account Control policy.

Type 1 is a full token with no privileges removed or groups disabled.  A full token is only used if User Account Control is disabled or if the user is the built-in Administrator account or a service account.

Type 2 is an elevated token with no privileges removed or groups disabled.  An elevated token is used when User Account Control is enabled and the user chooses to start the program using Run as administrator.  An elevated token is also used when an application is configured to always require administrative privilege or to always require maximum privilege, and the user is a member of the Administrators group.

Type 3 is a limited token with administrative privileges removed and administrative groups disabled.  The limited token is used when User Account Control is enabled, the application does not require administrative privilege, and the user does not choose to start the program using Run as administrator.",22,28,2,august,19,sunday,2016,local,we7006srv.waynecorpinc.local,WAYNECORPINC,we7006srv.waynecorpinc.local,we7006srv,we7006srv,30432,"['windows_process_new', 'wineventlog_security', 'wineventlog_windows', 'winsec']",we7006srv,30432,botsv1,34,we7006srv$,NT AUTHORITY\SYSTEM,NT AUTHORITY\,A new process has been created,WinEventLog:Security,Windows,//_::_==___.====..=_===_=_____.:t_:tt_\t_:tt$t_:tt,0x3E7,Information,0,A new process has been created,4688,WinEventLog:Security,WinEventLog:Security,kraken.local,we7006srv.waynecorpinc.local,NT AUTHORITY,success,A new process has been created,"['execute', 'os', 'process', 'security', 'start', 'windows']","['execute', 'os', 'process', 'security', 'start', 'windows']",23,0,we7006srv$,Microsoft,botsv1~59~25FE58F7-C438-478E-AC42-625F7A4D81D6,59:668702614,none,1473361942,"08/28/2016 22:02:19 PM
LogName=Security
SourceName=Microsoft Windows security auditing.
EventCode=4688
EventType=0
Type=Information
ComputerName=we7006srv.waynecorpinc.local
TaskCategory=Process Creation
OpCode=Info
RecordNumber=30432
Keywords=Audit Success","08/28/2016 22:02:19 PM
LogName=Security
SourceName=Microsoft Windows security auditing.
EventCode=4688
EventType=0
Type=Information
ComputerName=we7006srv.waynecorpinc.local
TaskCategory=Process Creation
OpCode=Info
RecordNumber=30432
Keywords=Audit Success
Message=A new process has been created.

Subject:
	Security ID:		NT AUTHORITY\SYSTEM
	Account Name:		we7006srv$
	Account Domain:		WAYNECORPINC
	Logon ID:		0x3E7

Process Information:
	New Process ID:		0xc98
	New Process Name:	C:\Program Files\SplunkUniversalForwarder\bin\splunk-winprintmon.exe
	Token Elevation Type:	TokenElevationTypeDefault (1)
	Creator Process ID:	0xc24
	Process Command Line:	""C:\Program Files\SplunkUniversalForwarder\bin\splunk-winprintmon.exe""

Token Elevation Type indicates the type of token that was assigned to the new process in accordance with User Account Control policy.

Type 1 is a full token with no privileges removed or groups disabled.  A full token is only used if User Account Control is disabled or if the user is the built-in Administrator account or a service account.

Type 2 is an elevated token with no privileges removed or groups disabled.  An elevated token is used when User Account Control is enabled and the user chooses to start the program using Run as administrator.  An elevated token is also used when an application is configured to always require administrative privilege or to always require maximum privilege, and the user is a member of the Administrators group.

Type 3 is a limited token with administrative privileges removed and administrative groups disabled.  The limited token is used when User Account Control is enabled, the application does not require administrative privilege, and the user does not choose to start the program using Run as administrator.
",41171,"['kraken.local', 'botsv1']",WinEventLog:Security,2016-08-28 16:02:19.000 MDT,,,,,,,,,,,,,,,,,,,,,,,,,,,,,,,,,,,,,,Создание процесса (следить за подозрительными процессами),MEDIUM
"['WAYNECORPINC', '-']","['we8229srv$', '-']",we8229srv.waynecorpinc.local,0x1b0,4688,0,Audit Success,Security,"['0x3E7', '0x0']","A new process has been created.

Creator Subject:
	Security ID:		NT AUTHORITY\SYSTEM
	Account Name:		we8229srv$
	Account Domain:		WAYNECORPINC
	Logon ID:		0x3E7

Target Subject:
	Security ID:		NULL SID
	Account Name:		-
	Account Domain:		-
	Logon ID:		0x0

Process Information:
	New Process ID:		0x1368
	New Process Name:	C:\Program Files\SplunkUniversalForwarder\bin\splunk-admon.exe
	Token Elevation Type:	%%1936
	Mandatory Label:		Mandatory Label\System Mandatory Level
	Creator Process ID:	0x1b0
	Creator Process Name:	C:\Program Files\SplunkUniversalForwarder\bin\splunkd.exe
	Process Command Line:	""C:\Program Files\SplunkUniversalForwarder\bin\splunk-admon.exe""

Token Elevation Type indicates the type of token that was assigned to the new process in accordance with User Account Control policy.

Type 1 is a full token with no privileges removed or groups disabled.  A full token is only used if User Account Control is disabled or if the user is the built-in Administrator account or a service account.

Type 2 is an elevated token with no privileges removed or groups disabled.  An elevated token is used when User Account Control is enabled and the user chooses to start the program using Run as administrator.  An elevated token is also used when an application is configured to always require administrative privilege or to always require maximum privilege, and the user is a member of the Administrators group.

Type 3 is a limited token with administrative privileges removed and administrative groups disabled.  The limited token is used when User Account Control is enabled, the application does not require administrative privilege, and the user does not choose to start the program using Run as administrator.",0x1368,C:\Program Files\SplunkUniversalForwarder\bin\splunk-admon.exe,Info,"""C:\Program Files\SplunkUniversalForwarder\bin\splunk-admon.exe""",519520,"['NT AUTHORITY\\SYSTEM', 'NULL SID']",Microsoft Windows security auditing.,Process Creation,%%1936,,Information,success,win:unknown,"A new process has been created.

Creator Subject:
	Security ID:		NT AUTHORITY\SYSTEM
	Account Name:		we8229srv$
	Account Domain:		WAYNECORPINC
	Logon ID:		0x3E7

Target Subject:
	Security ID:		NULL SID
	Account Name:		-
	Account Domain:		-
	Logon ID:		0x0

Process Information:
	New Process ID:		0x1368
	New Process Name:	C:\Program Files\SplunkUniversalForwarder\bin\splunk-admon.exe
	Token Elevation Type:	%%1936
	Mandatory Label:		Mandatory Label\System Mandatory Level
	Creator Process ID:	0x1b0
	Creator Process Name:	C:\Program Files\SplunkUniversalForwarder\bin\splunkd.exe
	Process Command Line:	""C:\Program Files\SplunkUniversalForwarder\bin\splunk-admon.exe""

Token Elevation Type indicates the type of token that was assigned to the new process in accordance with User Account Control policy.

Type 1 is a full token with no privileges removed or groups disabled.  A full token is only used if User Account Control is disabled or if the user is the built-in Administrator account or a service account.

Type 2 is an elevated token with no privileges removed or groups disabled.  An elevated token is used when User Account Control is enabled and the user chooses to start the program using Run as administrator.  An elevated token is also used when an application is configured to always require administrative privilege or to always require maximum privilege, and the user is a member of the Administrators group.

Type 3 is a limited token with administrative privileges removed and administrative groups disabled.  The limited token is used when User Account Control is enabled, the application does not require administrative privilege, and the user does not choose to start the program using Run as administrator.",22,28,2,august,19,sunday,2016,local,we8229srv.waynecorpinc.local,-,we8229srv.waynecorpinc.local,we8229srv,we8229srv,519520,"['windows_process_new', 'wineventlog_security', 'wineventlog_windows', 'winsec']",we8229srv,519520,botsv1,42,"we8229srv$
-","NT AUTHORITY\SYSTEM
NULL SID",NT AUTHORITY\,A new process has been created,WinEventLog:Security,Windows,//_::_==___.====..=_===_=_____._:t_:tt_\t_:tt$t_:t,0x0,Information,0,A new process has been created,4688,WinEventLog:Security,WinEventLog:Security,kraken.local,we8229srv.waynecorpinc.local,WAYNECORPINC,success,A new process has been created,"['execute', 'os', 'process', 'security', 'start', 'windows']","['execute', 'os', 'process', 'security', 'start', 'windows']",23,0,-,Microsoft,botsv1~59~25FE58F7-C438-478E-AC42-625F7A4D81D6,59:650630561,none,1473361662,"08/28/2016 22:02:19 PM
LogName=Security
SourceName=Microsoft Windows security auditing.
EventCode=4688
EventType=0
Type=Information
ComputerName=we8229srv.waynecorpinc.local
TaskCategory=Process Creation
OpCode=Info
RecordNumber=519520
Keywords=Audit Success","08/28/2016 22:02:19 PM
LogName=Security
SourceName=Microsoft Windows security auditing.
EventCode=4688
EventType=0
Type=Information
ComputerName=we8229srv.waynecorpinc.local
TaskCategory=Process Creation
OpCode=Info
RecordNumber=519520
Keywords=Audit Success
Message=A new process has been created.

Creator Subject:
	Security ID:		NT AUTHORITY\SYSTEM
	Account Name:		we8229srv$
	Account Domain:		WAYNECORPINC
	Logon ID:		0x3E7

Target Subject:
	Security ID:		NULL SID
	Account Name:		-
	Account Domain:		-
	Logon ID:		0x0

Process Information:
	New Process ID:		0x1368
	New Process Name:	C:\Program Files\SplunkUniversalForwarder\bin\splunk-admon.exe
	Token Elevation Type:	%%1936
	Mandatory Label:		Mandatory Label\System Mandatory Level
	Creator Process ID:	0x1b0
	Creator Process Name:	C:\Program Files\SplunkUniversalForwarder\bin\splunkd.exe
	Process Command Line:	""C:\Program Files\SplunkUniversalForwarder\bin\splunk-admon.exe""

Token Elevation Type indicates the type of token that was assigned to the new process in accordance with User Account Control policy.

Type 1 is a full token with no privileges removed or groups disabled.  A full token is only used if User Account Control is disabled or if the user is the built-in Administrator account or a service account.

Type 2 is an elevated token with no privileges removed or groups disabled.  An elevated token is used when User Account Control is enabled and the user chooses to start the program using Run as administrator.  An elevated token is also used when an application is configured to always require administrative privilege or to always require maximum privilege, and the user is a member of the Administrators group.

Type 3 is a limited token with administrative privileges removed and administrative groups disabled.  The limited token is used when User Account Control is enabled, the application does not require administrative privilege, and the user does not choose to start the program using Run as administrator.
",41172,"['kraken.local', 'botsv1']",WinEventLog:Security,2016-08-28 16:02:19.000 MDT,,,,,,,,,,,,,,,,,we8229srv$,C:\Program Files\SplunkUniversalForwarder\bin\splunkd.exe,Mandatory Label\System Mandatory Level,,,,,,,,,,,,,,,,,,,Создание процесса (следить за подозрительными процессами),MEDIUM
"['WAYNECORPINC', '-']","['we8592srv$', '-']",we8592srv.waynecorpinc.local,0x1b0,4688,0,Audit Success,Security,"['0x3E7', '0x0']","A new process has been created.

Creator Subject:
	Security ID:		NT AUTHORITY\SYSTEM
	Account Name:		we8592srv$
	Account Domain:		WAYNECORPINC
	Logon ID:		0x3E7

Target Subject:
	Security ID:		NULL SID
	Account Name:		-
	Account Domain:		-
	Logon ID:		0x0

Process Information:
	New Process ID:		0xfe0
	New Process Name:	C:\Program Files\SplunkUniversalForwarder\bin\splunk-admon.exe
	Token Elevation Type:	%%1936
	Mandatory Label:		Mandatory Label\System Mandatory Level
	Creator Process ID:	0x1b0
	Creator Process Name:	C:\Program Files\SplunkUniversalForwarder\bin\splunkd.exe
	Process Command Line:	""C:\Program Files\SplunkUniversalForwarder\bin\splunk-admon.exe""

Token Elevation Type indicates the type of token that was assigned to the new process in accordance with User Account Control policy.

Type 1 is a full token with no privileges removed or groups disabled.  A full token is only used if User Account Control is disabled or if the user is the built-in Administrator account or a service account.

Type 2 is an elevated token with no privileges removed or groups disabled.  An elevated token is used when User Account Control is enabled and the user chooses to start the program using Run as administrator.  An elevated token is also used when an application is configured to always require administrative privilege or to always require maximum privilege, and the user is a member of the Administrators group.

Type 3 is a limited token with administrative privileges removed and administrative groups disabled.  The limited token is used when User Account Control is enabled, the application does not require administrative privilege, and the user does not choose to start the program using Run as administrator.",0xfe0,C:\Program Files\SplunkUniversalForwarder\bin\splunk-admon.exe,Info,"""C:\Program Files\SplunkUniversalForwarder\bin\splunk-admon.exe""",518754,"['NT AUTHORITY\\SYSTEM', 'NULL SID']",Microsoft Windows security auditing.,Process Creation,%%1936,,Information,success,win:unknown,"A new process has been created.

Creator Subject:
	Security ID:		NT AUTHORITY\SYSTEM
	Account Name:		we8592srv$
	Account Domain:		WAYNECORPINC
	Logon ID:		0x3E7

Target Subject:
	Security ID:		NULL SID
	Account Name:		-
	Account Domain:		-
	Logon ID:		0x0

Process Information:
	New Process ID:		0xfe0
	New Process Name:	C:\Program Files\SplunkUniversalForwarder\bin\splunk-admon.exe
	Token Elevation Type:	%%1936
	Mandatory Label:		Mandatory Label\System Mandatory Level
	Creator Process ID:	0x1b0
	Creator Process Name:	C:\Program Files\SplunkUniversalForwarder\bin\splunkd.exe
	Process Command Line:	""C:\Program Files\SplunkUniversalForwarder\bin\splunk-admon.exe""

Token Elevation Type indicates the type of token that was assigned to the new process in accordance with User Account Control policy.

Type 1 is a full token with no privileges removed or groups disabled.  A full token is only used if User Account Control is disabled or if the user is the built-in Administrator account or a service account.

Type 2 is an elevated token with no privileges removed or groups disabled.  An elevated token is used when User Account Control is enabled and the user chooses to start the program using Run as administrator.  An elevated token is also used when an application is configured to always require administrative privilege or to always require maximum privilege, and the user is a member of the Administrators group.

Type 3 is a limited token with administrative privileges removed and administrative groups disabled.  The limited token is used when User Account Control is enabled, the application does not require administrative privilege, and the user does not choose to start the program using Run as administrator.",22,28,2,august,19,sunday,2016,local,we8592srv.waynecorpinc.local,-,we8592srv.waynecorpinc.local,we8592srv,we8592srv,518754,"['windows_process_new', 'wineventlog_security', 'wineventlog_windows', 'winsec']",we8592srv,518754,botsv1,42,"we8592srv$
-","NT AUTHORITY\SYSTEM
NULL SID",NT AUTHORITY\,A new process has been created,WinEventLog:Security,Windows,//_::_==___.====..=_===_=_____._:t_:tt_\t_:tt$t_:t,0x0,Information,0,A new process has been created,4688,WinEventLog:Security,WinEventLog:Security,kraken.local,we8592srv.waynecorpinc.local,WAYNECORPINC,success,A new process has been created,"['execute', 'os', 'process', 'security', 'start', 'windows']","['execute', 'os', 'process', 'security', 'start', 'windows']",23,0,-,Microsoft,botsv1~59~25FE58F7-C438-478E-AC42-625F7A4D81D6,59:604081370,none,1473360935,"08/28/2016 22:02:19 PM
LogName=Security
SourceName=Microsoft Windows security auditing.
EventCode=4688
EventType=0
Type=Information
ComputerName=we8592srv.waynecorpinc.local
TaskCategory=Process Creation
OpCode=Info
RecordNumber=518754
Keywords=Audit Success","08/28/2016 22:02:19 PM
LogName=Security
SourceName=Microsoft Windows security auditing.
EventCode=4688
EventType=0
Type=Information
ComputerName=we8592srv.waynecorpinc.local
TaskCategory=Process Creation
OpCode=Info
RecordNumber=518754
Keywords=Audit Success
Message=A new process has been created.

Creator Subject:
	Security ID:		NT AUTHORITY\SYSTEM
	Account Name:		we8592srv$
	Account Domain:		WAYNECORPINC
	Logon ID:		0x3E7

Target Subject:
	Security ID:		NULL SID
	Account Name:		-
	Account Domain:		-
	Logon ID:		0x0

Process Information:
	New Process ID:		0xfe0
	New Process Name:	C:\Program Files\SplunkUniversalForwarder\bin\splunk-admon.exe
	Token Elevation Type:	%%1936
	Mandatory Label:		Mandatory Label\System Mandatory Level
	Creator Process ID:	0x1b0
	Creator Process Name:	C:\Program Files\SplunkUniversalForwarder\bin\splunkd.exe
	Process Command Line:	""C:\Program Files\SplunkUniversalForwarder\bin\splunk-admon.exe""

Token Elevation Type indicates the type of token that was assigned to the new process in accordance with User Account Control policy.

Type 1 is a full token with no privileges removed or groups disabled.  A full token is only used if User Account Control is disabled or if the user is the built-in Administrator account or a service account.

Type 2 is an elevated token with no privileges removed or groups disabled.  An elevated token is used when User Account Control is enabled and the user chooses to start the program using Run as administrator.  An elevated token is also used when an application is configured to always require administrative privilege or to always require maximum privilege, and the user is a member of the Administrators group.

Type 3 is a limited token with administrative privileges removed and administrative groups disabled.  The limited token is used when User Account Control is enabled, the application does not require administrative privilege, and the user does not choose to start the program using Run as administrator.
",41173,"['kraken.local', 'botsv1']",WinEventLog:Security,2016-08-28 16:02:19.000 MDT,,,,,,,,,,,,,,,,,we8592srv$,C:\Program Files\SplunkUniversalForwarder\bin\splunkd.exe,Mandatory Label\System Mandatory Level,,,,,,,,,,,,,,,,,,,Создание процесса (следить за подозрительными процессами),MEDIUM
WAYNECORPINC,we6406srv$,we6406srv.waynecorpinc.local,,4689,0,Audit Success,Security,0x3E7,"A process has exited.

Subject:
	Security ID:		NT AUTHORITY\SYSTEM
	Account Name:		we6406srv$
	Account Domain:		WAYNECORPINC
	Logon ID:		0x3E7

Process Information:
	Process ID:	0xa28
	Process Name:	C:\Program Files\SplunkUniversalForwarder\bin\splunk-powershell.exe
	Exit Status:	0x1",,,Info,,16383,NT AUTHORITY\SYSTEM,Microsoft Windows security auditing.,Process Termination,,,Information,success,win:unknown,"A process has exited.

Subject:
	Security ID:		NT AUTHORITY\SYSTEM
	Account Name:		we6406srv$
	Account Domain:		WAYNECORPINC
	Logon ID:		0x3E7

Process Information:
	Process ID:	0xa28
	Process Name:	C:\Program Files\SplunkUniversalForwarder\bin\splunk-powershell.exe
	Exit Status:	0x1",22,28,2,august,19,sunday,2016,local,we6406srv.waynecorpinc.local,WAYNECORPINC,we6406srv.waynecorpinc.local,we6406srv,we6406srv,16383,"['windows_process_exit', 'wineventlog_security', 'wineventlog_windows', 'winsec']",we6406srv,16383,botsv1,24,we6406srv$,NT AUTHORITY\SYSTEM,NT AUTHORITY\,A process has exited,WinEventLog:Security,Windows,//_::_==___.====..=_===_=___.:t_:tt_\t_:tt$t_:ttt_,0x3E7,Information,0,A process has exited,4689,WinEventLog:Security,WinEventLog:Security,kraken.local,we6406srv.waynecorpinc.local,NT AUTHORITY,success,A process has exited,"['execute', 'os', 'process', 'security', 'stop', 'windows']","['execute', 'os', 'process', 'security', 'stop', 'windows']",23,0,we6406srv$,Microsoft,botsv1~59~25FE58F7-C438-478E-AC42-625F7A4D81D6,59:561690639,none,1473360275,"08/28/2016 22:02:19 PM
LogName=Security
SourceName=Microsoft Windows security auditing.
EventCode=4689
EventType=0
Type=Information
ComputerName=we6406srv.waynecorpinc.local
TaskCategory=Process Termination
OpCode=Info
RecordNumber=16383
Keywords=Audit Success","08/28/2016 22:02:19 PM
LogName=Security
SourceName=Microsoft Windows security auditing.
EventCode=4689
EventType=0
Type=Information
ComputerName=we6406srv.waynecorpinc.local
TaskCategory=Process Termination
OpCode=Info
RecordNumber=16383
Keywords=Audit Success
Message=A process has exited.

Subject:
	Security ID:		NT AUTHORITY\SYSTEM
	Account Name:		we6406srv$
	Account Domain:		WAYNECORPINC
	Logon ID:		0x3E7

Process Information:
	Process ID:	0xa28
	Process Name:	C:\Program Files\SplunkUniversalForwarder\bin\splunk-powershell.exe
	Exit Status:	0x1
",41174,"['kraken.local', 'botsv1']",WinEventLog:Security,2016-08-28 16:02:19.000 MDT,0x1,0xa28,C:\Program Files\SplunkUniversalForwarder\bin\splunk-powershell.exe,,,,,,,,,,,,,,,,,,,,,,,,,,,,,,,,,,,Завершение процесса,LOW
"['WAYNECORPINC', 'WAYNECORPINC']","['we9390srv$', 'we9390srv$']",we9390srv.waynecorpinc.local,,4703,0,Audit Success,Security,"['0x3E7', '0x3E7']","A user right was adjusted.

Subject:
	Security ID:		NT AUTHORITY\SYSTEM
	Account Name:		we9390srv$
	Account Domain:		WAYNECORPINC
	Logon ID:		0x3E7

Target Account:
	Security ID:		NT AUTHORITY\SYSTEM
	Account Name:		we9390srv$
	Account Domain:		WAYNECORPINC
	Logon ID:		0x3E7

Process Information:
	Process ID:		0x15c4
	Process Name:		C:\Windows\WinSxS\amd64_microsoft-windows-servicingstack_31bf3856ad364e35_10.0.10586.486_none_7640e086266ea227\TiWorker.exe

Enabled Privileges:
			SeSecurityPrivilege

Disabled Privileges:
			-",,,Info,,529078,"['NT AUTHORITY\\SYSTEM', 'NT AUTHORITY\\SYSTEM']",Microsoft Windows security auditing.,Authorization Policy Change,,,Information,success,win:unknown,"A user right was adjusted.

Subject:
	Security ID:		NT AUTHORITY\SYSTEM
	Account Name:		we9390srv$
	Account Domain:		WAYNECORPINC
	Logon ID:		0x3E7

Target Account:
	Security ID:		NT AUTHORITY\SYSTEM
	Account Name:		we9390srv$
	Account Domain:		WAYNECORPINC
	Logon ID:		0x3E7

Process Information:
	Process ID:		0x15c4
	Process Name:		C:\Windows\WinSxS\amd64_microsoft-windows-servicingstack_31bf3856ad364e35_10.0.10586.486_none_7640e086266ea227\TiWorker.exe

Enabled Privileges:
			SeSecurityPrivilege

Disabled Privileges:
			-",22,28,2,august,19,sunday,2016,local,we9390srv.waynecorpinc.local,WAYNECORPINC,we9390srv.waynecorpinc.local,we9390srv,we9390srv,529078,"['wineventlog_security', 'wineventlog_windows', 'winsec']",we9390srv,529078,botsv1,35,"we9390srv$
we9390srv$","NT AUTHORITY\SYSTEM
NT AUTHORITY\SYSTEM",NT AUTHORITY\,,WinEventLog:Security,Windows,//_::_==___.====..=__===_=____.:t_:tt_\t_:tt$t_:tt,0x3E7,Information,0,,4703,WinEventLog:Security,WinEventLog:Security,kraken.local,we9390srv.waynecorpinc.local,WAYNECORPINC,success,,"['os', 'security', 'windows']","['os', 'security', 'windows']",23,0,we9390srv$,Microsoft,botsv1~59~25FE58F7-C438-478E-AC42-625F7A4D81D6,59:427871151,none,1473358184,"08/28/2016 22:02:19 PM
LogName=Security
SourceName=Microsoft Windows security auditing.
EventCode=4703
EventType=0
Type=Information
ComputerName=we9390srv.waynecorpinc.local
TaskCategory=Authorization Policy Change
OpCode=Info
RecordNumber=529078
Keywords=Audit Success","08/28/2016 22:02:19 PM
LogName=Security
SourceName=Microsoft Windows security auditing.
EventCode=4703
EventType=0
Type=Information
ComputerName=we9390srv.waynecorpinc.local
TaskCategory=Authorization Policy Change
OpCode=Info
RecordNumber=529078
Keywords=Audit Success
Message=A user right was adjusted.

Subject:
	Security ID:		NT AUTHORITY\SYSTEM
	Account Name:		we9390srv$
	Account Domain:		WAYNECORPINC
	Logon ID:		0x3E7

Target Account:
	Security ID:		NT AUTHORITY\SYSTEM
	Account Name:		we9390srv$
	Account Domain:		WAYNECORPINC
	Logon ID:		0x3E7

Process Information:
	Process ID:		0x15c4
	Process Name:		C:\Windows\WinSxS\amd64_microsoft-windows-servicingstack_31bf3856ad364e35_10.0.10586.486_none_7640e086266ea227\TiWorker.exe

Enabled Privileges:
			SeSecurityPrivilege

Disabled Privileges:
			-
",41175,"['kraken.local', 'botsv1']",WinEventLog:Security,2016-08-28 16:02:19.000 MDT,,0x15c4,C:\Windows\WinSxS\amd64_microsoft-windows-servicingstack_31bf3856ad364e35_10.0.10586.486_none_7640e086266ea227\TiWorker.exe,,,,,,,,,,,,,,we9390srv$,,,,,,,,,,,,,,,,,,,,,Изменение прав пользователя (эскалация привилегий),HIGH
WAYNECORPINC,we9054srv$,we9054srv.waynecorpinc.local,0xc24,4688,0,Audit Success,Security,0x3E7,"A new process has been created.

Subject:
	Security ID:		NT AUTHORITY\SYSTEM
	Account Name:		we9054srv$
	Account Domain:		WAYNECORPINC
	Logon ID:		0x3E7

Process Information:
	New Process ID:		0xd8c
	New Process Name:	C:\Program Files\SplunkUniversalForwarder\bin\splunk-powershell.exe
	Token Elevation Type:	TokenElevationTypeDefault (1)
	Creator Process ID:	0xc24
	Process Command Line:	""C:\Program Files\SplunkUniversalForwarder\bin\splunk-powershell.exe"" --ps2

Token Elevation Type indicates the type of token that was assigned to the new process in accordance with User Account Control policy.

Type 1 is a full token with no privileges removed or groups disabled.  A full token is only used if User Account Control is disabled or if the user is the built-in Administrator account or a service account.

Type 2 is an elevated token with no privileges removed or groups disabled.  An elevated token is used when User Account Control is enabled and the user chooses to start the program using Run as administrator.  An elevated token is also used when an application is configured to always require administrative privilege or to always require maximum privilege, and the user is a member of the Administrators group.

Type 3 is a limited token with administrative privileges removed and administrative groups disabled.  The limited token is used when User Account Control is enabled, the application does not require administrative privilege, and the user does not choose to start the program using Run as administrator.",0xd8c,C:\Program Files\SplunkUniversalForwarder\bin\splunk-powershell.exe,Info,"""C:\Program Files\SplunkUniversalForwarder\bin\splunk-powershell.exe"" --ps2",36367,NT AUTHORITY\SYSTEM,Microsoft Windows security auditing.,Process Creation,TokenElevationTypeDefault (1),1,Information,success,win:unknown,"A new process has been created.

Subject:
	Security ID:		NT AUTHORITY\SYSTEM
	Account Name:		we9054srv$
	Account Domain:		WAYNECORPINC
	Logon ID:		0x3E7

Process Information:
	New Process ID:		0xd8c
	New Process Name:	C:\Program Files\SplunkUniversalForwarder\bin\splunk-powershell.exe
	Token Elevation Type:	TokenElevationTypeDefault (1)
	Creator Process ID:	0xc24
	Process Command Line:	""C:\Program Files\SplunkUniversalForwarder\bin\splunk-powershell.exe"" --ps2

Token Elevation Type indicates the type of token that was assigned to the new process in accordance with User Account Control policy.

Type 1 is a full token with no privileges removed or groups disabled.  A full token is only used if User Account Control is disabled or if the user is the built-in Administrator account or a service account.

Type 2 is an elevated token with no privileges removed or groups disabled.  An elevated token is used when User Account Control is enabled and the user chooses to start the program using Run as administrator.  An elevated token is also used when an application is configured to always require administrative privilege or to always require maximum privilege, and the user is a member of the Administrators group.

Type 3 is a limited token with administrative privileges removed and administrative groups disabled.  The limited token is used when User Account Control is enabled, the application does not require administrative privilege, and the user does not choose to start the program using Run as administrator.",22,28,2,august,18,sunday,2016,local,we9054srv.waynecorpinc.local,WAYNECORPINC,we9054srv.waynecorpinc.local,we9054srv,we9054srv,36367,"['windows_process_new', 'wineventlog_security', 'wineventlog_windows', 'winsec']",we9054srv,36367,botsv1,34,we9054srv$,NT AUTHORITY\SYSTEM,NT AUTHORITY\,A new process has been created,WinEventLog:Security,Windows,//_::_==___.====..=_===_=_____.:t_:tt_\t_:tt$t_:tt,0x3E7,Information,0,A new process has been created,4688,WinEventLog:Security,WinEventLog:Security,kraken.local,we9054srv.waynecorpinc.local,NT AUTHORITY,success,A new process has been created,"['execute', 'os', 'process', 'security', 'start', 'windows']","['execute', 'os', 'process', 'security', 'start', 'windows']",23,0,we9054srv$,Microsoft,botsv1~59~25FE58F7-C438-478E-AC42-625F7A4D81D6,59:784608868,none,1473363766,"08/28/2016 22:02:18 PM
LogName=Security
SourceName=Microsoft Windows security auditing.
EventCode=4688
EventType=0
Type=Information
ComputerName=we9054srv.waynecorpinc.local
TaskCategory=Process Creation
OpCode=Info
RecordNumber=36367
Keywords=Audit Success","08/28/2016 22:02:18 PM
LogName=Security
SourceName=Microsoft Windows security auditing.
EventCode=4688
EventType=0
Type=Information
ComputerName=we9054srv.waynecorpinc.local
TaskCategory=Process Creation
OpCode=Info
RecordNumber=36367
Keywords=Audit Success
Message=A new process has been created.

Subject:
	Security ID:		NT AUTHORITY\SYSTEM
	Account Name:		we9054srv$
	Account Domain:		WAYNECORPINC
	Logon ID:		0x3E7

Process Information:
	New Process ID:		0xd8c
	New Process Name:	C:\Program Files\SplunkUniversalForwarder\bin\splunk-powershell.exe
	Token Elevation Type:	TokenElevationTypeDefault (1)
	Creator Process ID:	0xc24
	Process Command Line:	""C:\Program Files\SplunkUniversalForwarder\bin\splunk-powershell.exe"" --ps2

Token Elevation Type indicates the type of token that was assigned to the new process in accordance with User Account Control policy.

Type 1 is a full token with no privileges removed or groups disabled.  A full token is only used if User Account Control is disabled or if the user is the built-in Administrator account or a service account.

Type 2 is an elevated token with no privileges removed or groups disabled.  An elevated token is used when User Account Control is enabled and the user chooses to start the program using Run as administrator.  An elevated token is also used when an application is configured to always require administrative privilege or to always require maximum privilege, and the user is a member of the Administrators group.

Type 3 is a limited token with administrative privileges removed and administrative groups disabled.  The limited token is used when User Account Control is enabled, the application does not require administrative privilege, and the user does not choose to start the program using Run as administrator.
",41176,"['kraken.local', 'botsv1']",WinEventLog:Security,2016-08-28 16:02:18.000 MDT,,,,,,,,,,,,,,,,,,,,,,,,,,,,,,,,,,,,,,Создание процесса (следить за подозрительными процессами),MEDIUM
"['WAYNECORPINC', 'WAYNECORPINC']","['we9390srv$', 'we9390srv$']",we9390srv.waynecorpinc.local,,4703,0,Audit Success,Security,"['0x3E7', '0x3E7']","A user right was adjusted.

Subject:
	Security ID:		NT AUTHORITY\SYSTEM
	Account Name:		we9390srv$
	Account Domain:		WAYNECORPINC
	Logon ID:		0x3E7

Target Account:
	Security ID:		NT AUTHORITY\SYSTEM
	Account Name:		we9390srv$
	Account Domain:		WAYNECORPINC
	Logon ID:		0x3E7

Process Information:
	Process ID:		0x15c4
	Process Name:		C:\Windows\WinSxS\amd64_microsoft-windows-servicingstack_31bf3856ad364e35_10.0.10586.486_none_7640e086266ea227\TiWorker.exe

Enabled Privileges:
			SeSecurityPrivilege

Disabled Privileges:
			-",,,Info,,533823,"['NT AUTHORITY\\SYSTEM', 'NT AUTHORITY\\SYSTEM']",Microsoft Windows security auditing.,Authorization Policy Change,,,Information,success,win:unknown,"A user right was adjusted.

Subject:
	Security ID:		NT AUTHORITY\SYSTEM
	Account Name:		we9390srv$
	Account Domain:		WAYNECORPINC
	Logon ID:		0x3E7

Target Account:
	Security ID:		NT AUTHORITY\SYSTEM
	Account Name:		we9390srv$
	Account Domain:		WAYNECORPINC
	Logon ID:		0x3E7

Process Information:
	Process ID:		0x15c4
	Process Name:		C:\Windows\WinSxS\amd64_microsoft-windows-servicingstack_31bf3856ad364e35_10.0.10586.486_none_7640e086266ea227\TiWorker.exe

Enabled Privileges:
			SeSecurityPrivilege

Disabled Privileges:
			-",22,28,2,august,18,sunday,2016,local,we9390srv.waynecorpinc.local,WAYNECORPINC,we9390srv.waynecorpinc.local,we9390srv,we9390srv,533823,"['wineventlog_security', 'wineventlog_windows', 'winsec']",we9390srv,533823,botsv1,35,"we9390srv$
we9390srv$","NT AUTHORITY\SYSTEM
NT AUTHORITY\SYSTEM",NT AUTHORITY\,,WinEventLog:Security,Windows,//_::_==___.====..=__===_=____.:t_:tt_\t_:tt$t_:tt,0x3E7,Information,0,,4703,WinEventLog:Security,WinEventLog:Security,kraken.local,we9390srv.waynecorpinc.local,WAYNECORPINC,success,,"['os', 'security', 'windows']","['os', 'security', 'windows']",23,0,we9390srv$,Microsoft,botsv1~59~25FE58F7-C438-478E-AC42-625F7A4D81D6,59:646244435,none,1473361592,"08/28/2016 22:02:18 PM
LogName=Security
SourceName=Microsoft Windows security auditing.
EventCode=4703
EventType=0
Type=Information
ComputerName=we9390srv.waynecorpinc.local
TaskCategory=Authorization Policy Change
OpCode=Info
RecordNumber=533823
Keywords=Audit Success","08/28/2016 22:02:18 PM
LogName=Security
SourceName=Microsoft Windows security auditing.
EventCode=4703
EventType=0
Type=Information
ComputerName=we9390srv.waynecorpinc.local
TaskCategory=Authorization Policy Change
OpCode=Info
RecordNumber=533823
Keywords=Audit Success
Message=A user right was adjusted.

Subject:
	Security ID:		NT AUTHORITY\SYSTEM
	Account Name:		we9390srv$
	Account Domain:		WAYNECORPINC
	Logon ID:		0x3E7

Target Account:
	Security ID:		NT AUTHORITY\SYSTEM
	Account Name:		we9390srv$
	Account Domain:		WAYNECORPINC
	Logon ID:		0x3E7

Process Information:
	Process ID:		0x15c4
	Process Name:		C:\Windows\WinSxS\amd64_microsoft-windows-servicingstack_31bf3856ad364e35_10.0.10586.486_none_7640e086266ea227\TiWorker.exe

Enabled Privileges:
			SeSecurityPrivilege

Disabled Privileges:
			-
",41177,"['kraken.local', 'botsv1']",WinEventLog:Security,2016-08-28 16:02:18.000 MDT,,0x15c4,C:\Windows\WinSxS\amd64_microsoft-windows-servicingstack_31bf3856ad364e35_10.0.10586.486_none_7640e086266ea227\TiWorker.exe,,,,,,,,,,,,,,we9390srv$,,,,,,,,,,,,,,,,,,,,,Изменение прав пользователя (эскалация привилегий),HIGH
"['-', 'WAYNECORPINC']","['-', 'we4664srv$']",we4664srv.waynecorpinc.local,,4624,0,Audit Success,Security,"['0x0', '0x1966685']","An account was successfully logged on.

Subject:
	Security ID:		NULL SID
	Account Name:		-
	Account Domain:		-
	Logon ID:		0x0

Logon Type:			3

Impersonation Level:		Impersonation

New Logon:
	Security ID:		NT AUTHORITY\SYSTEM
	Account Name:		we4664srv$
	Account Domain:		WAYNECORPINC
	Logon ID:		0x1966685
	Logon GUID:		{E070CA61-40F8-8FD4-3235-15A94E6DF787}

Process Information:
	Process ID:		0x0
	Process Name:		-

Network Information:
	Workstation Name:	
	Source Network Address:	fe80::a971:d247:426d:612c
	Source Port:		49852

Detailed Authentication Information:
	Logon Process:		Kerberos
	Authentication Package:	Kerberos
	Transited Services:	-
	Package Name (NTLM only):	-
	Key Length:		0

This event is generated when a logon session is created. It is generated on the computer that was accessed.

The subject fields indicate the account on the local system which requested the logon. This is most commonly a service such as the Server service, or a local process such as Winlogon.exe or Services.exe.

The logon type field indicates the kind of logon that occurred. The most common types are 2 (interactive) and 3 (network).

The New Logon fields indicate the account for whom the new logon was created, i.e. the account that was logged on.

The network fields indicate where a remote logon request originated. Workstation name is not always available and may be left blank in some cases.

The impersonation level field indicates the extent to which a process in the logon session can impersonate.

The authentication information fields provide detailed information about this specific logon request.
	- Logon GUID is a unique identifier that can be used to correlate this event with a KDC event.
	- Transited services indicate which intermediate services have participated in this logon request.
	- Package name indicates which sub-protocol was used among the NTLM protocols.
	- Key length indicates the length of the generated session key. This will be 0 if no session key was requested.",,,Info,,40999,"['NULL SID', 'NT AUTHORITY\\SYSTEM']",Microsoft Windows security auditing.,Logon,,,Information,success,win:remote,"An account was successfully logged on.

Subject:
	Security ID:		NULL SID
	Account Name:		-
	Account Domain:		-
	Logon ID:		0x0

Logon Type:			3

Impersonation Level:		Impersonation

New Logon:
	Security ID:		NT AUTHORITY\SYSTEM
	Account Name:		we4664srv$
	Account Domain:		WAYNECORPINC
	Logon ID:		0x1966685
	Logon GUID:		{E070CA61-40F8-8FD4-3235-15A94E6DF787}

Process Information:
	Process ID:		0x0
	Process Name:		-

Network Information:
	Workstation Name:	
	Source Network Address:	fe80::a971:d247:426d:612c
	Source Port:		49852

Detailed Authentication Information:
	Logon Process:		Kerberos
	Authentication Package:	Kerberos
	Transited Services:	-
	Package Name (NTLM only):	-
	Key Length:		0

This event is generated when a logon session is created. It is generated on the computer that was accessed.

The subject fields indicate the account on the local system which requested the logon. This is most commonly a service such as the Server service, or a local process such as Winlogon.exe or Services.exe.

The logon type field indicates the kind of logon that occurred. The most common types are 2 (interactive) and 3 (network).

The New Logon fields indicate the account for whom the new logon was created, i.e. the account that was logged on.

The network fields indicate where a remote logon request originated. Workstation name is not always available and may be left blank in some cases.

The impersonation level field indicates the extent to which a process in the logon session can impersonate.

The authentication information fields provide detailed information about this specific logon request.
	- Logon GUID is a unique identifier that can be used to correlate this event with a KDC event.
	- Transited services indicate which intermediate services have participated in this logon request.
	- Package name indicates which sub-protocol was used among the NTLM protocols.
	- Key length indicates the length of the generated session key. This will be 0 if no session key was requested.",22,28,2,august,18,sunday,2016,local,we4664srv.waynecorpinc.local,WAYNECORPINC,we4664srv.waynecorpinc.local,we4664srv,we4664srv,40999,"['windows_logon_success', 'wineventlog_security', 'wineventlog_windows', 'winsec']",we4664srv,40999,botsv1,64,"-
we4664srv$","NULL SID
NT AUTHORITY\SYSTEM","NULL SID
NT AUTHORITY\",An account was successfully logged on,WinEventLog:Security,Windows,//_::_==___.====..====_=_____.:t_:tt_t_:tt-t_:tt-t,0x1966685,Information,0,An account was successfully logged on,4624,WinEventLog:Security,WinEventLog:Security,kraken.local,fe80::a971:d247:426d:612c,"NULL SID
NT AUTHORITY",success,An account was successfully logged on,"['authentication', 'os', 'remote', 'security', 'windows']","['authentication', 'os', 'security', 'windows']",23,0,we4664srv$,Microsoft,botsv1~59~25FE58F7-C438-478E-AC42-625F7A4D81D6,59:278223631,none,1473355845,"08/28/2016 22:02:18 PM
LogName=Security
SourceName=Microsoft Windows security auditing.
EventCode=4624
EventType=0
Type=Information
ComputerName=we4664srv.waynecorpinc.local
TaskCategory=Logon
OpCode=Info
RecordNumber=40999
Keywords=Audit Success","08/28/2016 22:02:18 PM
