Account_Domain,Account_Name,ComputerName,Creator_Process_ID,EventCode,EventType,Keywords,LogName,Logon_ID,Message,New_Process_ID,New_Process_Name,OpCode,Process_Command_Line,RecordNumber,Security_ID,SourceName,TaskCategory,Token_Elevation_Type,Token_Elevation_Type_id,Type,action,app,body,date_hour,date_mday,date_minute,date_month,date_second,date_wday,date_year,date_zone,dest,dest_nt_domain,dest_nt_host,dvc,dvc_nt_host,event_id,eventtype,host,id,index,linecount,member_dn,member_id,member_nt_domain,name,object,product,punct,session_id,severity,severity_id,signature,signature_id,source,sourcetype,splunk_server,src,src_nt_domain,status,subject,tag,tag::eventtype,timeendpos,timestartpos,user,vendor,_bkt,_cd,_eventtype_color,_indextime,_pre_msg,_raw,_serial,_si,_sourcetype,_time,Exit_Status,Process_ID,Process_Name,Authentication_Package,Impersonation_Level,Key_Length,Logon_GUID,Logon_Process,Logon_Type,Package_Name__NTLM_only_,Source_Network_Address,Source_Port,Transited_Services,src_ip,src_port,tag::app,src_user,Creator_Process_Name,Mandatory_Label,Access_Mask,Access_Reasons,Accesses,Handle_ID,Object_Name,Object_Server,Object_Type,Privileges_Used_for_Access_Check,ReadData__or_ListDirectory_,Resource_Attributes,Restricted_SID_Count,Transaction_ID,privilege_id,vendor_privilege,QueryName,QueryType,ClientIP,ResponseCode,suspicious_description,threat_level
WAYNECORPINC,we3436srv$,we3436srv.waynecorpinc.local,0xddc,4688,0,Audit Success,Security,0x3E7,"A new process has been created.

Subject:
	Security ID:		NT AUTHORITY\SYSTEM
	Account Name:		we3436srv$
	Account Domain:		WAYNECORPINC
	Logon ID:		0x3E7

Process Information:
	New Process ID:		0xf24
	New Process Name:	C:\Program Files\SplunkUniversalForwarder\bin\splunk-winprintmon.exe
	Token Elevation Type:	TokenElevationTypeDefault (1)
	Creator Process ID:	0xddc
	Process Command Line:	""C:\Program Files\SplunkUniversalForwarder\bin\splunk-winprintmon.exe""

Token Elevation Type indicates the type of token that was assigned to the new process in accordance with User Account Control policy.

Type 1 is a full token with no privileges removed or groups disabled.  A full token is only used if User Account Control is disabled or if the user is the built-in Administrator account or a service account.

Type 2 is an elevated token with no privileges removed or groups disabled.  An elevated token is used when User Account Control is enabled and the user chooses to start the program using Run as administrator.  An elevated token is also used when an application is configured to always require administrative privilege or to always require maximum privilege, and the user is a member of the Administrators group.

Type 3 is a limited token with administrative privileges removed and administrative groups disabled.  The limited token is used when User Account Control is enabled, the application does not require administrative privilege, and the user does not choose to start the program using Run as administrator.",0xf24,C:\Program Files\SplunkUniversalForwarder\bin\splunk-winprintmon.exe,Info,"""C:\Program Files\SplunkUniversalForwarder\bin\splunk-winprintmon.exe""",13605,NT AUTHORITY\SYSTEM,Microsoft Windows security auditing.,Process Creation,TokenElevationTypeDefault (1),1,Information,success,win:unknown,"A new process has been created.

Subject:
	Security ID:		NT AUTHORITY\SYSTEM
	Account Name:		we3436srv$
	Account Domain:		WAYNECORPINC
	Logon ID:		0x3E7

Process Information:
	New Process ID:		0xf24
	New Process Name:	C:\Program Files\SplunkUniversalForwarder\bin\splunk-winprintmon.exe
	Token Elevation Type:	TokenElevationTypeDefault (1)
	Creator Process ID:	0xddc
	Process Command Line:	""C:\Program Files\SplunkUniversalForwarder\bin\splunk-winprintmon.exe""

Token Elevation Type indicates the type of token that was assigned to the new process in accordance with User Account Control policy.

Type 1 is a full token with no privileges removed or groups disabled.  A full token is only used if User Account Control is disabled or if the user is the built-in Administrator account or a service account.

Type 2 is an elevated token with no privileges removed or groups disabled.  An elevated token is used when User Account Control is enabled and the user chooses to start the program using Run as administrator.  An elevated token is also used when an application is configured to always require administrative privilege or to always require maximum privilege, and the user is a member of the Administrators group.

Type 3 is a limited token with administrative privileges removed and administrative groups disabled.  The limited token is used when User Account Control is enabled, the application does not require administrative privilege, and the user does not choose to start the program using Run as administrator.",22,28,2,august,21,sunday,2016,local,we3436srv.waynecorpinc.local,WAYNECORPINC,we3436srv.waynecorpinc.local,we3436srv,we3436srv,13605,"['windows_process_new', 'wineventlog_security', 'wineventlog_windows', 'winsec']",we3436srv,13605,botsv1,34,we3436srv$,NT AUTHORITY\SYSTEM,NT AUTHORITY\,A new process has been created,WinEventLog:Security,Windows,//_::_==___.====..=_===_=_____.:t_:tt_\t_:tt$t_:tt,0x3E7,Information,0,A new process has been created,4688,WinEventLog:Security,WinEventLog:Security,kraken.local,we3436srv.waynecorpinc.local,NT AUTHORITY,success,A new process has been created,"['execute', 'os', 'process', 'security', 'start', 'windows']","['execute', 'os', 'process', 'security', 'start', 'windows']",23,0,we3436srv$,Microsoft,botsv1~59~25FE58F7-C438-478E-AC42-625F7A4D81D6,59:306077743,none,1473356281,"08/28/2016 22:02:21 PM
LogName=Security
SourceName=Microsoft Windows security auditing.
EventCode=4688
EventType=0
Type=Information
ComputerName=we3436srv.waynecorpinc.local
TaskCategory=Process Creation
OpCode=Info
RecordNumber=13605
Keywords=Audit Success","08/28/2016 22:02:21 PM
LogName=Security
SourceName=Microsoft Windows security auditing.
EventCode=4688
EventType=0
Type=Information
ComputerName=we3436srv.waynecorpinc.local
TaskCategory=Process Creation
OpCode=Info
RecordNumber=13605
Keywords=Audit Success
Message=A new process has been created.

Subject:
	Security ID:		NT AUTHORITY\SYSTEM
	Account Name:		we3436srv$
	Account Domain:		WAYNECORPINC
	Logon ID:		0x3E7

Process Information:
	New Process ID:		0xf24
	New Process Name:	C:\Program Files\SplunkUniversalForwarder\bin\splunk-winprintmon.exe
	Token Elevation Type:	TokenElevationTypeDefault (1)
	Creator Process ID:	0xddc
	Process Command Line:	""C:\Program Files\SplunkUniversalForwarder\bin\splunk-winprintmon.exe""

Token Elevation Type indicates the type of token that was assigned to the new process in accordance with User Account Control policy.

Type 1 is a full token with no privileges removed or groups disabled.  A full token is only used if User Account Control is disabled or if the user is the built-in Administrator account or a service account.

Type 2 is an elevated token with no privileges removed or groups disabled.  An elevated token is used when User Account Control is enabled and the user chooses to start the program using Run as administrator.  An elevated token is also used when an application is configured to always require administrative privilege or to always require maximum privilege, and the user is a member of the Administrators group.

Type 3 is a limited token with administrative privileges removed and administrative groups disabled.  The limited token is used when User Account Control is enabled, the application does not require administrative privilege, and the user does not choose to start the program using Run as administrator.
",41160,"['kraken.local', 'botsv1']",WinEventLog:Security,2016-08-28 16:02:21.000 MDT,,,,,,,,,,,,,,,,,,,,,,,,,,,,,,,,,,,,,,Создание процесса (следить за подозрительными процессами),MEDIUM
WAYNECORPINC,we1159srv$,we1159srv.waynecorpinc.local,,4689,0,Audit Success,Security,0x3E7,"A process has exited.

Subject:
	Security ID:		NT AUTHORITY\SYSTEM
	Account Name:		we1159srv$
	Account Domain:		WAYNECORPINC
	Logon ID:		0x3E7

Process Information:
	Process ID:	0x13cc
	Process Name:	C:\Program Files\SplunkUniversalForwarder\bin\splunk-regmon.exe
	Exit Status:	0x1",,,Info,,519433,NT AUTHORITY\SYSTEM,Microsoft Windows security auditing.,Process Termination,,,Information,success,win:unknown,"A process has exited.

Subject:
	Security ID:		NT AUTHORITY\SYSTEM
	Account Name:		we1159srv$
	Account Domain:		WAYNECORPINC
	Logon ID:		0x3E7

Process Information:
	Process ID:	0x13cc
	Process Name:	C:\Program Files\SplunkUniversalForwarder\bin\splunk-regmon.exe
	Exit Status:	0x1",22,28,2,august,21,sunday,2016,local,we1159srv.waynecorpinc.local,WAYNECORPINC,we1159srv.waynecorpinc.local,we1159srv,we1159srv,519433,"['windows_process_exit', 'wineventlog_security', 'wineventlog_windows', 'winsec']",we1159srv,519433,botsv1,24,we1159srv$,NT AUTHORITY\SYSTEM,NT AUTHORITY\,A process has exited,WinEventLog:Security,Windows,//_::_==___.====..=_===_=___.:t_:tt_\t_:tt$t_:ttt_,0x3E7,Information,0,A process has exited,4689,WinEventLog:Security,WinEventLog:Security,kraken.local,we1159srv.waynecorpinc.local,NT AUTHORITY,success,A process has exited,"['execute', 'os', 'process', 'security', 'stop', 'windows']","['execute', 'os', 'process', 'security', 'stop', 'windows']",23,0,we1159srv$,Microsoft,botsv1~59~25FE58F7-C438-478E-AC42-625F7A4D81D6,59:252225597,none,1473355435,"08/28/2016 22:02:21 PM
LogName=Security
SourceName=Microsoft Windows security auditing.
EventCode=4689
EventType=0
Type=Information
ComputerName=we1159srv.waynecorpinc.local
TaskCategory=Process Termination
OpCode=Info
RecordNumber=519433
Keywords=Audit Success","08/28/2016 22:02:21 PM
LogName=Security
SourceName=Microsoft Windows security auditing.
EventCode=4689
EventType=0
Type=Information
ComputerName=we1159srv.waynecorpinc.local
TaskCategory=Process Termination
OpCode=Info
RecordNumber=519433
Keywords=Audit Success
Message=A process has exited.

Subject:
	Security ID:		NT AUTHORITY\SYSTEM
	Account Name:		we1159srv$
	Account Domain:		WAYNECORPINC
	Logon ID:		0x3E7

Process Information:
	Process ID:	0x13cc
	Process Name:	C:\Program Files\SplunkUniversalForwarder\bin\splunk-regmon.exe
	Exit Status:	0x1
",41161,"['kraken.local', 'botsv1']",WinEventLog:Security,2016-08-28 16:02:21.000 MDT,0x1,0x13cc,C:\Program Files\SplunkUniversalForwarder\bin\splunk-regmon.exe,,,,,,,,,,,,,,,,,,,,,,,,,,,,,,,,,,,Завершение процесса,LOW
"['-', 'WAYNECORPINC']","['-', 'we9028srv$']",we9028srv.waynecorpinc.local,,4624,0,Audit Success,Security,"['0x0', '0x15D68DA']","An account was successfully logged on.

Subject:
	Security ID:		NULL SID
	Account Name:		-
	Account Domain:		-
	Logon ID:		0x0

Logon Type:			3

Impersonation Level:		Delegation

New Logon:
	Security ID:		NT AUTHORITY\SYSTEM
	Account Name:		we9028srv$
	Account Domain:		WAYNECORPINC
	Logon ID:		0x15D68DA
	Logon GUID:		{CCFDB956-5500-C439-66AC-A2657C632FF9}

Process Information:
	Process ID:		0x0
	Process Name:		-

Network Information:
	Workstation Name:	
	Source Network Address:	fe80::a971:d247:426d:612c
	Source Port:		64654

Detailed Authentication Information:
	Logon Process:		Kerberos
	Authentication Package:	Kerberos
	Transited Services:	-
	Package Name (NTLM only):	-
	Key Length:		0

This event is generated when a logon session is created. It is generated on the computer that was accessed.

The subject fields indicate the account on the local system which requested the logon. This is most commonly a service such as the Server service, or a local process such as Winlogon.exe or Services.exe.

The logon type field indicates the kind of logon that occurred. The most common types are 2 (interactive) and 3 (network).

The New Logon fields indicate the account for whom the new logon was created, i.e. the account that was logged on.

The network fields indicate where a remote logon request originated. Workstation name is not always available and may be left blank in some cases.

The impersonation level field indicates the extent to which a process in the logon session can impersonate.

The authentication information fields provide detailed information about this specific logon request.
	- Logon GUID is a unique identifier that can be used to correlate this event with a KDC event.
	- Transited services indicate which intermediate services have participated in this logon request.
	- Package name indicates which sub-protocol was used among the NTLM protocols.
	- Key length indicates the length of the generated session key. This will be 0 if no session key was requested.",,,Info,,34633,"['NULL SID', 'NT AUTHORITY\\SYSTEM']",Microsoft Windows security auditing.,Logon,,,Information,success,win:remote,"An account was successfully logged on.

Subject:
	Security ID:		NULL SID
	Account Name:		-
	Account Domain:		-
	Logon ID:		0x0

Logon Type:			3

Impersonation Level:		Delegation

New Logon:
	Security ID:		NT AUTHORITY\SYSTEM
	Account Name:		we9028srv$
	Account Domain:		WAYNECORPINC
	Logon ID:		0x15D68DA
	Logon GUID:		{CCFDB956-5500-C439-66AC-A2657C632FF9}

Process Information:
	Process ID:		0x0
	Process Name:		-

Network Information:
	Workstation Name:	
	Source Network Address:	fe80::a971:d247:426d:612c
	Source Port:		64654

Detailed Authentication Information:
	Logon Process:		Kerberos
	Authentication Package:	Kerberos
	Transited Services:	-
	Package Name (NTLM only):	-
	Key Length:		0

This event is generated when a logon session is created. It is generated on the computer that was accessed.

The subject fields indicate the account on the local system which requested the logon. This is most commonly a service such as the Server service, or a local process such as Winlogon.exe or Services.exe.

The logon type field indicates the kind of logon that occurred. The most common types are 2 (interactive) and 3 (network).

The New Logon fields indicate the account for whom the new logon was created, i.e. the account that was logged on.

The network fields indicate where a remote logon request originated. Workstation name is not always available and may be left blank in some cases.

The impersonation level field indicates the extent to which a process in the logon session can impersonate.

The authentication information fields provide detailed information about this specific logon request.
	- Logon GUID is a unique identifier that can be used to correlate this event with a KDC event.
	- Transited services indicate which intermediate services have participated in this logon request.
	- Package name indicates which sub-protocol was used among the NTLM protocols.
	- Key length indicates the length of the generated session key. This will be 0 if no session key was requested.",22,28,2,august,20,sunday,2016,local,we9028srv.waynecorpinc.local,WAYNECORPINC,we9028srv.waynecorpinc.local,we9028srv,we9028srv,34633,"['windows_logon_success', 'wineventlog_security', 'wineventlog_windows', 'winsec']",we9028srv,34633,botsv1,64,"-
we9028srv$","NULL SID
NT AUTHORITY\SYSTEM","NULL SID
NT AUTHORITY\",An account was successfully logged on,WinEventLog:Security,Windows,//_::_==___.====..====_=_____.:t_:tt_t_:tt-t_:tt-t,0x15D68DA,Information,0,An account was successfully logged on,4624,WinEventLog:Security,WinEventLog:Security,kraken.local,fe80::a971:d247:426d:612c,"NULL SID
NT AUTHORITY",success,An account was successfully logged on,"['authentication', 'os', 'remote', 'security', 'windows']","['authentication', 'os', 'security', 'windows']",23,0,we9028srv$,Microsoft,botsv1~59~25FE58F7-C438-478E-AC42-625F7A4D81D6,59:816725536,none,1473364282,"08/28/2016 22:02:20 PM
LogName=Security
SourceName=Microsoft Windows security auditing.
EventCode=4624
EventType=0
Type=Information
ComputerName=we9028srv.waynecorpinc.local
TaskCategory=Logon
OpCode=Info
RecordNumber=34633
Keywords=Audit Success","08/28/2016 22:02:20 PM
LogName=Security
SourceName=Microsoft Windows security auditing.
EventCode=4624
EventType=0
Type=Information
ComputerName=we9028srv.waynecorpinc.local
TaskCategory=Logon
OpCode=Info
RecordNumber=34633
Keywords=Audit Success
Message=An account was successfully logged on.

Subject:
	Security ID:		NULL SID
	Account Name:		-
	Account Domain:		-
	Logon ID:		0x0

Logon Type:			3

Impersonation Level:		Delegation

New Logon:
	Security ID:		NT AUTHORITY\SYSTEM
	Account Name:		we9028srv$
	Account Domain:		WAYNECORPINC
	Logon ID:		0x15D68DA
	Logon GUID:		{CCFDB956-5500-C439-66AC-A2657C632FF9}

Process Information:
	Process ID:		0x0
	Process Name:		-

Network Information:
	Workstation Name:	
	Source Network Address:	fe80::a971:d247:426d:612c
	Source Port:		64654

Detailed Authentication Information:
	Logon Process:		Kerberos
	Authentication Package:	Kerberos
	Transited Services:	-
	Package Name (NTLM only):	-
	Key Length:		0

This event is generated when a logon session is created. It is generated on the computer that was accessed.

The subject fields indicate the account on the local system which requested the logon. This is most commonly a service such as the Server service, or a local process such as Winlogon.exe or Services.exe.

The logon type field indicates the kind of logon that occurred. The most common types are 2 (interactive) and 3 (network).

The New Logon fields indicate the account for whom the new logon was created, i.e. the account that was logged on.

The network fields indicate where a remote logon request originated. Workstation name is not always available and may be left blank in some cases.

The impersonation level field indicates the extent to which a process in the logon session can impersonate.

The authentication information fields provide detailed information about this specific logon request.
	- Logon GUID is a unique identifier that can be used to correlate this event with a KDC event.
	- Transited services indicate which intermediate services have participated in this logon request.
	- Package name indicates which sub-protocol was used among the NTLM protocols.
	- Key length indicates the length of the generated session key. This will be 0 if no session key was requested.
",41162,"['kraken.local', 'botsv1']",WinEventLog:Security,2016-08-28 16:02:20.000 MDT,,0x0,-,Kerberos,Delegation,0,{CCFDB956-5500-C439-66AC-A2657C632FF9},Kerberos,3,-,fe80::a971:d247:426d:612c,64654,-,fe80::a971:d247:426d:612c,64654,remote,,,,,,,,,,,,,,,,,,,,,,Успешный вход (следить за аномалиями),MEDIUM
"['WAYNECORPINC', 'WAYNECORPINC']","['we5878srv$', 'we5878srv$']",we5878srv.waynecorpinc.local,,4703,0,Audit Success,Security,"['0x3E7', '0x3E7']","A user right was adjusted.

Subject:
	Security ID:		NT AUTHORITY\SYSTEM
	Account Name:		we5878srv$
	Account Domain:		WAYNECORPINC
	Logon ID:		0x3E7

Target Account:
	Security ID:		NT AUTHORITY\SYSTEM
	Account Name:		we5878srv$
	Account Domain:		WAYNECORPINC
	Logon ID:		0x3E7

Process Information:
	Process ID:		0x3b8
	Process Name:		C:\Windows\System32\svchost.exe

Enabled Privileges:
			SeAssignPrimaryTokenPrivilege
			SeIncreaseQuotaPrivilege
			SeSecurityPrivilege
			SeTakeOwnershipPrivilege
			SeLoadDriverPrivilege
			SeSystemtimePrivilege
			SeBackupPrivilege
			SeRestorePrivilege
			SeShutdownPrivilege
			SeSystemEnvironmentPrivilege
			SeUndockPrivilege
			SeManageVolumePrivilege

Disabled Privileges:
			-",,,Info,,544375,"['NT AUTHORITY\\SYSTEM', 'NT AUTHORITY\\SYSTEM']",Microsoft Windows security auditing.,Authorization Policy Change,,,Information,success,win:unknown,"A user right was adjusted.

Subject:
	Security ID:		NT AUTHORITY\SYSTEM
	Account Name:		we5878srv$
	Account Domain:		WAYNECORPINC
	Logon ID:		0x3E7

Target Account:
	Security ID:		NT AUTHORITY\SYSTEM
	Account Name:		we5878srv$
	Account Domain:		WAYNECORPINC
	Logon ID:		0x3E7

Process Information:
	Process ID:		0x3b8
	Process Name:		C:\Windows\System32\svchost.exe

Enabled Privileges:
			SeAssignPrimaryTokenPrivilege
			SeIncreaseQuotaPrivilege
			SeSecurityPrivilege
			SeTakeOwnershipPrivilege
			SeLoadDriverPrivilege
			SeSystemtimePrivilege
			SeBackupPrivilege
			SeRestorePrivilege
			SeShutdownPrivilege
			SeSystemEnvironmentPrivilege
			SeUndockPrivilege
			SeManageVolumePrivilege

Disabled Privileges:
			-",22,28,2,august,20,sunday,2016,local,we5878srv.waynecorpinc.local,WAYNECORPINC,we5878srv.waynecorpinc.local,we5878srv,we5878srv,544375,"['wineventlog_security', 'wineventlog_windows', 'winsec']",we5878srv,544375,botsv1,46,"we5878srv$
we5878srv$","NT AUTHORITY\SYSTEM
NT AUTHORITY\SYSTEM",NT AUTHORITY\,,WinEventLog:Security,Windows,//_::_==___.====..=__===_=____.:t_:tt_\t_:tt$t_:tt,0x3E7,Information,0,,4703,WinEventLog:Security,WinEventLog:Security,kraken.local,we5878srv.waynecorpinc.local,WAYNECORPINC,success,,"['os', 'security', 'windows']","['os', 'security', 'windows']",23,0,we5878srv$,Microsoft,botsv1~59~25FE58F7-C438-478E-AC42-625F7A4D81D6,59:769733910,none,1473363519,"08/28/2016 22:02:20 PM
LogName=Security
SourceName=Microsoft Windows security auditing.
EventCode=4703
EventType=0
Type=Information
ComputerName=we5878srv.waynecorpinc.local
TaskCategory=Authorization Policy Change
OpCode=Info
RecordNumber=544375
Keywords=Audit Success","08/28/2016 22:02:20 PM
LogName=Security
SourceName=Microsoft Windows security auditing.
EventCode=4703
EventType=0
Type=Information
ComputerName=we5878srv.waynecorpinc.local
TaskCategory=Authorization Policy Change
OpCode=Info
RecordNumber=544375
Keywords=Audit Success
Message=A user right was adjusted.

Subject:
	Security ID:		NT AUTHORITY\SYSTEM
	Account Name:		we5878srv$
	Account Domain:		WAYNECORPINC
	Logon ID:		0x3E7

Target Account:
	Security ID:		NT AUTHORITY\SYSTEM
	Account Name:		we5878srv$
	Account Domain:		WAYNECORPINC
	Logon ID:		0x3E7

Process Information:
	Process ID:		0x3b8
	Process Name:		C:\Windows\System32\svchost.exe

Enabled Privileges:
			SeAssignPrimaryTokenPrivilege
			SeIncreaseQuotaPrivilege
			SeSecurityPrivilege
			SeTakeOwnershipPrivilege
			SeLoadDriverPrivilege
			SeSystemtimePrivilege
			SeBackupPrivilege
			SeRestorePrivilege
			SeShutdownPrivilege
			SeSystemEnvironmentPrivilege
			SeUndockPrivilege
			SeManageVolumePrivilege

Disabled Privileges:
			-
",41163,"['kraken.local', 'botsv1']",WinEventLog:Security,2016-08-28 16:02:20.000 MDT,,0x3b8,C:\Windows\System32\svchost.exe,,,,,,,,,,,,,,we5878srv$,,,,,,,,,,,,,,,,,,,,,Изменение прав пользователя (эскалация привилегий),HIGH
"['WAYNECORPINC', 'WAYNECORPINC']","['we3997srv$', 'we3997srv$']",we3997srv.waynecorpinc.local,,4703,0,Audit Success,Security,"['0x3E7', '0x3E7']","A user right was adjusted.

Subject:
	Security ID:		NT AUTHORITY\SYSTEM
	Account Name:		we3997srv$
	Account Domain:		WAYNECORPINC
	Logon ID:		0x3E7

Target Account:
	Security ID:		NT AUTHORITY\SYSTEM
	Account Name:		we3997srv$
	Account Domain:		WAYNECORPINC
	Logon ID:		0x3E7

Process Information:
	Process ID:		0x15c4
	Process Name:		C:\Windows\WinSxS\amd64_microsoft-windows-servicingstack_31bf3856ad364e35_10.0.10586.486_none_7640e086266ea227\TiWorker.exe

Enabled Privileges:
			SeSecurityPrivilege

Disabled Privileges:
			-",,,Info,,529077,"['NT AUTHORITY\\SYSTEM', 'NT AUTHORITY\\SYSTEM']",Microsoft Windows security auditing.,Authorization Policy Change,,,Information,success,win:unknown,"A user right was adjusted.

Subject:
	Security ID:		NT AUTHORITY\SYSTEM
	Account Name:		we3997srv$
	Account Domain:		WAYNECORPINC
	Logon ID:		0x3E7

Target Account:
	Security ID:		NT AUTHORITY\SYSTEM
	Account Name:		we3997srv$
	Account Domain:		WAYNECORPINC
	Logon ID:		0x3E7

Process Information:
	Process ID:		0x15c4
	Process Name:		C:\Windows\WinSxS\amd64_microsoft-windows-servicingstack_31bf3856ad364e35_10.0.10586.486_none_7640e086266ea227\TiWorker.exe

Enabled Privileges:
			SeSecurityPrivilege

Disabled Privileges:
			-",22,28,2,august,20,sunday,2016,local,we3997srv.waynecorpinc.local,WAYNECORPINC,we3997srv.waynecorpinc.local,we3997srv,we3997srv,529077,"['wineventlog_security', 'wineventlog_windows', 'winsec']",we3997srv,529077,botsv1,35,"we3997srv$
we3997srv$","NT AUTHORITY\SYSTEM
NT AUTHORITY\SYSTEM",NT AUTHORITY\,,WinEventLog:Security,Windows,//_::_==___.====..=__===_=____.:t_:tt_\t_:tt$t_:tt,0x3E7,Information,0,,4703,WinEventLog:Security,WinEventLog:Security,kraken.local,we3997srv.waynecorpinc.local,WAYNECORPINC,success,,"['os', 'security', 'windows']","['os', 'security', 'windows']",23,0,we3997srv$,Microsoft,botsv1~59~25FE58F7-C438-478E-AC42-625F7A4D81D6,59:534405658,none,1473359848,"08/28/2016 22:02:20 PM
LogName=Security
SourceName=Microsoft Windows security auditing.
EventCode=4703
EventType=0
Type=Information
ComputerName=we3997srv.waynecorpinc.local
TaskCategory=Authorization Policy Change
OpCode=Info
RecordNumber=529077
Keywords=Audit Success","08/28/2016 22:02:20 PM
LogName=Security
SourceName=Microsoft Windows security auditing.
EventCode=4703
EventType=0
Type=Information
ComputerName=we3997srv.waynecorpinc.local
TaskCategory=Authorization Policy Change
OpCode=Info
RecordNumber=529077
Keywords=Audit Success
Message=A user right was adjusted.

Subject:
	Security ID:		NT AUTHORITY\SYSTEM
	Account Name:		we3997srv$
	Account Domain:		WAYNECORPINC
	Logon ID:		0x3E7

Target Account:
	Security ID:		NT AUTHORITY\SYSTEM
	Account Name:		we3997srv$
	Account Domain:		WAYNECORPINC
	Logon ID:		0x3E7

Process Information:
	Process ID:		0x15c4
	Process Name:		C:\Windows\WinSxS\amd64_microsoft-windows-servicingstack_31bf3856ad364e35_10.0.10586.486_none_7640e086266ea227\TiWorker.exe

Enabled Privileges:
			SeSecurityPrivilege

Disabled Privileges:
			-
",41164,"['kraken.local', 'botsv1']",WinEventLog:Security,2016-08-28 16:02:20.000 MDT,,0x15c4,C:\Windows\WinSxS\amd64_microsoft-windows-servicingstack_31bf3856ad364e35_10.0.10586.486_none_7640e086266ea227\TiWorker.exe,,,,,,,,,,,,,,we3997srv$,,,,,,,,,,,,,,,,,,,,,Изменение прав пользователя (эскалация привилегий),HIGH
"['WAYNECORPINC', 'WAYNECORPINC']","['we9269srv$', 'we9269srv$']",we9269srv.waynecorpinc.local,,4703,0,Audit Success,Security,"['0x3E7', '0x3E7']","A user right was adjusted.

Subject:
	Security ID:		NT AUTHORITY\SYSTEM
	Account Name:		we9269srv$
	Account Domain:		WAYNECORPINC
	Logon ID:		0x3E7

Target Account:
	Security ID:		NT AUTHORITY\SYSTEM
	Account Name:		we9269srv$
	Account Domain:		WAYNECORPINC
	Logon ID:		0x3E7

Process Information:
	Process ID:		0x15c4
	Process Name:		C:\Windows\WinSxS\amd64_microsoft-windows-servicingstack_31bf3856ad364e35_10.0.10586.486_none_7640e086266ea227\TiWorker.exe

Enabled Privileges:
			SeSecurityPrivilege

Disabled Privileges:
			-",,,Info,,527744,"['NT AUTHORITY\\SYSTEM', 'NT AUTHORITY\\SYSTEM']",Microsoft Windows security auditing.,Authorization Policy Change,,,Information,success,win:unknown,"A user right was adjusted.

Subject:
	Security ID:		NT AUTHORITY\SYSTEM
	Account Name:		we9269srv$
	Account Domain:		WAYNECORPINC
	Logon ID:		0x3E7

Target Account:
	Security ID:		NT AUTHORITY\SYSTEM
	Account Name:		we9269srv$
	Account Domain:		WAYNECORPINC
	Logon ID:		0x3E7

Process Information:
	Process ID:		0x15c4
	Process Name:		C:\Windows\WinSxS\amd64_microsoft-windows-servicingstack_31bf3856ad364e35_10.0.10586.486_none_7640e086266ea227\TiWorker.exe

Enabled Privileges:
			SeSecurityPrivilege

Disabled Privileges:
			-",22,28,2,august,20,sunday,2016,local,we9269srv.waynecorpinc.local,WAYNECORPINC,we9269srv.waynecorpinc.local,we9269srv,we9269srv,527744,"['wineventlog_security', 'wineventlog_windows', 'winsec']",we9269srv,527744,botsv1,35,"we9269srv$
we9269srv$","NT AUTHORITY\SYSTEM
NT AUTHORITY\SYSTEM",NT AUTHORITY\,,WinEventLog:Security,Windows,//_::_==___.====..=__===_=____.:t_:tt_\t_:tt$t_:tt,0x3E7,Information,0,,4703,WinEventLog:Security,WinEventLog:Security,kraken.local,we9269srv.waynecorpinc.local,WAYNECORPINC,success,,"['os', 'security', 'windows']","['os', 'security', 'windows']",23,0,we9269srv$,Microsoft,botsv1~59~25FE58F7-C438-478E-AC42-625F7A4D81D6,59:446591536,none,1473358469,"08/28/2016 22:02:20 PM
LogName=Security
SourceName=Microsoft Windows security auditing.
EventCode=4703
EventType=0
Type=Information
ComputerName=we9269srv.waynecorpinc.local
TaskCategory=Authorization Policy Change
OpCode=Info
RecordNumber=527744
Keywords=Audit Success","08/28/2016 22:02:20 PM
LogName=Security
SourceName=Microsoft Windows security auditing.
EventCode=4703
EventType=0
Type=Information
ComputerName=we9269srv.waynecorpinc.local
TaskCategory=Authorization Policy Change
OpCode=Info
RecordNumber=527744
Keywords=Audit Success
Message=A user right was adjusted.

Subject:
	Security ID:		NT AUTHORITY\SYSTEM
	Account Name:		we9269srv$
	Account Domain:		WAYNECORPINC
	Logon ID:		0x3E7

Target Account:
	Security ID:		NT AUTHORITY\SYSTEM
	Account Name:		we9269srv$
	Account Domain:		WAYNECORPINC
	Logon ID:		0x3E7

Process Information:
	Process ID:		0x15c4
	Process Name:		C:\Windows\WinSxS\amd64_microsoft-windows-servicingstack_31bf3856ad364e35_10.0.10586.486_none_7640e086266ea227\TiWorker.exe

Enabled Privileges:
			SeSecurityPrivilege

Disabled Privileges:
			-
",41165,"['kraken.local', 'botsv1']",WinEventLog:Security,2016-08-28 16:02:20.000 MDT,,0x15c4,C:\Windows\WinSxS\amd64_microsoft-windows-servicingstack_31bf3856ad364e35_10.0.10586.486_none_7640e086266ea227\TiWorker.exe,,,,,,,,,,,,,,we9269srv$,,,,,,,,,,,,,,,,,,,,,Изменение прав пользователя (эскалация привилегий),HIGH
WAYNECORPINC,we7127srv$,we7127srv.waynecorpinc.local,,4689,0,Audit Success,Security,0x3E7,"A process has exited.

Subject:
	Security ID:		NT AUTHORITY\SYSTEM
	Account Name:		we7127srv$
	Account Domain:		WAYNECORPINC
	Logon ID:		0x3E7

Process Information:
	Process ID:	0x620
	Process Name:	C:\Program Files\SplunkUniversalForwarder\bin\splunk-powershell.exe
	Exit Status:	0x1",,,Info,,23303,NT AUTHORITY\SYSTEM,Microsoft Windows security auditing.,Process Termination,,,Information,success,win:unknown,"A process has exited.

Subject:
	Security ID:		NT AUTHORITY\SYSTEM
	Account Name:		we7127srv$
	Account Domain:		WAYNECORPINC
	Logon ID:		0x3E7

Process Information:
	Process ID:	0x620
	Process Name:	C:\Program Files\SplunkUniversalForwarder\bin\splunk-powershell.exe
	Exit Status:	0x1",22,28,2,august,20,sunday,2016,local,we7127srv.waynecorpinc.local,WAYNECORPINC,we7127srv.waynecorpinc.local,we7127srv,we7127srv,23303,"['windows_process_exit', 'wineventlog_security', 'wineventlog_windows', 'winsec']",we7127srv,23303,botsv1,24,we7127srv$,NT AUTHORITY\SYSTEM,NT AUTHORITY\,A process has exited,WinEventLog:Security,Windows,//_::_==___.====..=_===_=___.:t_:tt_\t_:tt$t_:ttt_,0x3E7,Information,0,A process has exited,4689,WinEventLog:Security,WinEventLog:Security,kraken.local,we7127srv.waynecorpinc.local,NT AUTHORITY,success,A process has exited,"['execute', 'os', 'process', 'security', 'stop', 'windows']","['execute', 'os', 'process', 'security', 'stop', 'windows']",23,0,we7127srv$,Microsoft,botsv1~59~25FE58F7-C438-478E-AC42-625F7A4D81D6,59:408653961,none,1473357885,"08/28/2016 22:02:20 PM
LogName=Security
SourceName=Microsoft Windows security auditing.
EventCode=4689
EventType=0
Type=Information
ComputerName=we7127srv.waynecorpinc.local
TaskCategory=Process Termination
OpCode=Info
RecordNumber=23303
Keywords=Audit Success","08/28/2016 22:02:20 PM
LogName=Security
SourceName=Microsoft Windows security auditing.
EventCode=4689
EventType=0
Type=Information
ComputerName=we7127srv.waynecorpinc.local
TaskCategory=Process Termination
OpCode=Info
RecordNumber=23303
Keywords=Audit Success
Message=A process has exited.

Subject:
	Security ID:		NT AUTHORITY\SYSTEM
	Account Name:		we7127srv$
	Account Domain:		WAYNECORPINC
	Logon ID:		0x3E7

Process Information:
	Process ID:	0x620
	Process Name:	C:\Program Files\SplunkUniversalForwarder\bin\splunk-powershell.exe
	Exit Status:	0x1
",41166,"['kraken.local', 'botsv1']",WinEventLog:Security,2016-08-28 16:02:20.000 MDT,0x1,0x620,C:\Program Files\SplunkUniversalForwarder\bin\splunk-powershell.exe,,,,,,,,,,,,,,,,,,,,,,,,,,,,,,,,,,,Завершение процесса,LOW
"['WAYNECORPINC', '-']","['we5689srv$', '-']",we5689srv.waynecorpinc.local,0x1b0,4688,0,Audit Success,Security,"['0x3E7', '0x0']","A new process has been created.

Creator Subject:
	Security ID:		NT AUTHORITY\SYSTEM
	Account Name:		we5689srv$
	Account Domain:		WAYNECORPINC
	Logon ID:		0x3E7

Target Subject:
	Security ID:		NULL SID
	Account Name:		-
	Account Domain:		-
	Logon ID:		0x0

Process Information:
	New Process ID:		0x109c
	New Process Name:	C:\Program Files\SplunkUniversalForwarder\bin\splunk-MonitorNoHandle.exe
	Token Elevation Type:	%%1936
	Mandatory Label:		Mandatory Label\System Mandatory Level
	Creator Process ID:	0x1b0
	Creator Process Name:	C:\Program Files\SplunkUniversalForwarder\bin\splunkd.exe
	Process Command Line:	""C:\Program Files\SplunkUniversalForwarder\bin\splunk-MonitorNoHandle.exe""

Token Elevation Type indicates the type of token that was assigned to the new process in accordance with User Account Control policy.

Type 1 is a full token with no privileges removed or groups disabled.  A full token is only used if User Account Control is disabled or if the user is the built-in Administrator account or a service account.

Type 2 is an elevated token with no privileges removed or groups disabled.  An elevated token is used when User Account Control is enabled and the user chooses to start the program using Run as administrator.  An elevated token is also used when an application is configured to always require administrative privilege or to always require maximum privilege, and the user is a member of the Administrators group.

Type 3 is a limited token with administrative privileges removed and administrative groups disabled.  The limited token is used when User Account Control is enabled, the application does not require administrative privilege, and the user does not choose to start the program using Run as administrator.",0x109c,C:\Program Files\SplunkUniversalForwarder\bin\splunk-MonitorNoHandle.exe,Info,"""C:\Program Files\SplunkUniversalForwarder\bin\splunk-MonitorNoHandle.exe""",514700,"['NT AUTHORITY\\SYSTEM', 'NULL SID']",Microsoft Windows security auditing.,Process Creation,%%1936,,Information,success,win:unknown,"A new process has been created.

Creator Subject:
	Security ID:		NT AUTHORITY\SYSTEM
	Account Name:		we5689srv$
	Account Domain:		WAYNECORPINC
	Logon ID:		0x3E7

Target Subject:
	Security ID:		NULL SID
	Account Name:		-
	Account Domain:		-
	Logon ID:		0x0

Process Information:
	New Process ID:		0x109c
	New Process Name:	C:\Program Files\SplunkUniversalForwarder\bin\splunk-MonitorNoHandle.exe
	Token Elevation Type:	%%1936
	Mandatory Label:		Mandatory Label\System Mandatory Level
	Creator Process ID:	0x1b0
	Creator Process Name:	C:\Program Files\SplunkUniversalForwarder\bin\splunkd.exe
	Process Command Line:	""C:\Program Files\SplunkUniversalForwarder\bin\splunk-MonitorNoHandle.exe""

Token Elevation Type indicates the type of token that was assigned to the new process in accordance with User Account Control policy.

Type 1 is a full token with no privileges removed or groups disabled.  A full token is only used if User Account Control is disabled or if the user is the built-in Administrator account or a service account.

Type 2 is an elevated token with no privileges removed or groups disabled.  An elevated token is used when User Account Control is enabled and the user chooses to start the program using Run as administrator.  An elevated token is also used when an application is configured to always require administrative privilege or to always require maximum privilege, and the user is a member of the Administrators group.

Type 3 is a limited token with administrative privileges removed and administrative groups disabled.  The limited token is used when User Account Control is enabled, the application does not require administrative privilege, and the user does not choose to start the program using Run as administrator.",22,28,2,august,20,sunday,2016,local,we5689srv.waynecorpinc.local,-,we5689srv.waynecorpinc.local,we5689srv,we5689srv,514700,"['windows_process_new', 'wineventlog_security', 'wineventlog_windows', 'winsec']",we5689srv,514700,botsv1,42,"we5689srv$
-","NT AUTHORITY\SYSTEM
NULL SID",NT AUTHORITY\,A new process has been created,WinEventLog:Security,Windows,//_::_==___.====..=_===_=_____._:t_:tt_\t_:tt$t_:t,0x0,Information,0,A new process has been created,4688,WinEventLog:Security,WinEventLog:Security,kraken.local,we5689srv.waynecorpinc.local,WAYNECORPINC,success,A new process has been created,"['execute', 'os', 'process', 'security', 'start', 'windows']","['execute', 'os', 'process', 'security', 'start', 'windows']",23,0,-,Microsoft,botsv1~59~25FE58F7-C438-478E-AC42-625F7A4D81D6,59:396186291,none,1473357686,"08/28/2016 22:02:20 PM
LogName=Security
SourceName=Microsoft Windows security auditing.
EventCode=4688
EventType=0
Type=Information
ComputerName=we5689srv.waynecorpinc.local
TaskCategory=Process Creation
OpCode=Info
RecordNumber=514700
Keywords=Audit Success","08/28/2016 22:02:20 PM
LogName=Security
SourceName=Microsoft Windows security auditing.
EventCode=4688
EventType=0
Type=Information
ComputerName=we5689srv.waynecorpinc.local
TaskCategory=Process Creation
OpCode=Info
RecordNumber=514700
Keywords=Audit Success
Message=A new process has been created.

Creator Subject:
	Security ID:		NT AUTHORITY\SYSTEM
	Account Name:		we5689srv$
	Account Domain:		WAYNECORPINC
	Logon ID:		0x3E7

Target Subject:
	Security ID:		NULL SID
	Account Name:		-
	Account Domain:		-
	Logon ID:		0x0

Process Information:
	New Process ID:		0x109c
	New Process Name:	C:\Program Files\SplunkUniversalForwarder\bin\splunk-MonitorNoHandle.exe
	Token Elevation Type:	%%1936
	Mandatory Label:		Mandatory Label\System Mandatory Level
	Creator Process ID:	0x1b0
	Creator Process Name:	C:\Program Files\SplunkUniversalForwarder\bin\splunkd.exe
	Process Command Line:	""C:\Program Files\SplunkUniversalForwarder\bin\splunk-MonitorNoHandle.exe""

Token Elevation Type indicates the type of token that was assigned to the new process in accordance with User Account Control policy.

Type 1 is a full token with no privileges removed or groups disabled.  A full token is only used if User Account Control is disabled or if the user is the built-in Administrator account or a service account.

Type 2 is an elevated token with no privileges removed or groups disabled.  An elevated token is used when User Account Control is enabled and the user chooses to start the program using Run as administrator.  An elevated token is also used when an application is configured to always require administrative privilege or to always require maximum privilege, and the user is a member of the Administrators group.

Type 3 is a limited token with administrative privileges removed and administrative groups disabled.  The limited token is used when User Account Control is enabled, the application does not require administrative privilege, and the user does not choose to start the program using Run as administrator.
",41167,"['kraken.local', 'botsv1']",WinEventLog:Security,2016-08-28 16:02:20.000 MDT,,,,,,,,,,,,,,,,,we5689srv$,C:\Program Files\SplunkUniversalForwarder\bin\splunkd.exe,Mandatory Label\System Mandatory Level,,,,,,,,,,,,,,,,,,,Создание процесса (следить за подозрительными процессами),MEDIUM
"['WAYNECORPINC', 'WAYNECORPINC']","['we1662srv$', 'we1662srv$']",we1662srv.waynecorpinc.local,,4703,0,Audit Success,Security,"['0x3E7', '0x3E7']","A user right was adjusted.

Subject:
	Security ID:		NT AUTHORITY\SYSTEM
	Account Name:		we1662srv$
	Account Domain:		WAYNECORPINC
	Logon ID:		0x3E7

Target Account:
	Security ID:		NT AUTHORITY\SYSTEM
	Account Name:		we1662srv$
	Account Domain:		WAYNECORPINC
	Logon ID:		0x3E7

Process Information:
	Process ID:		0x15c4
	Process Name:		C:\Windows\WinSxS\amd64_microsoft-windows-servicingstack_31bf3856ad364e35_10.0.10586.486_none_7640e086266ea227\TiWorker.exe

Enabled Privileges:
			SeSecurityPrivilege

Disabled Privileges:
			-",,,Info,,530569,"['NT AUTHORITY\\SYSTEM', 'NT AUTHORITY\\SYSTEM']",Microsoft Windows security auditing.,Authorization Policy Change,,,Information,success,win:unknown,"A user right was adjusted.

Subject:
	Security ID:		NT AUTHORITY\SYSTEM
	Account Name:		we1662srv$
	Account Domain:		WAYNECORPINC
	Logon ID:		0x3E7

Target Account:
	Security ID:		NT AUTHORITY\SYSTEM
	Account Name:		we1662srv$
	Account Domain:		WAYNECORPINC
	Logon ID:		0x3E7

Process Information:
	Process ID:		0x15c4
	Process Name:		C:\Windows\WinSxS\amd64_microsoft-windows-servicingstack_31bf3856ad364e35_10.0.10586.486_none_7640e086266ea227\TiWorker.exe

Enabled Privileges:
			SeSecurityPrivilege

Disabled Privileges:
			-",22,28,2,august,20,sunday,2016,local,we1662srv.waynecorpinc.local,WAYNECORPINC,we1662srv.waynecorpinc.local,we1662srv,we1662srv,530569,"['wineventlog_security', 'wineventlog_windows', 'winsec']",we1662srv,530569,botsv1,35,"we1662srv$
we1662srv$","NT AUTHORITY\SYSTEM
NT AUTHORITY\SYSTEM",NT AUTHORITY\,,WinEventLog:Security,Windows,//_::_==___.====..=__===_=____.:t_:tt_\t_:tt$t_:tt,0x3E7,Information,0,,4703,WinEventLog:Security,WinEventLog:Security,kraken.local,we1662srv.waynecorpinc.local,WAYNECORPINC,success,,"['os', 'security', 'windows']","['os', 'security', 'windows']",23,0,we1662srv$,Microsoft,botsv1~59~25FE58F7-C438-478E-AC42-625F7A4D81D6,59:368022311,none,1473357239,"08/28/2016 22:02:20 PM
LogName=Security
SourceName=Microsoft Windows security auditing.
EventCode=4703
EventType=0
Type=Information
ComputerName=we1662srv.waynecorpinc.local
TaskCategory=Authorization Policy Change
OpCode=Info
RecordNumber=530569
Keywords=Audit Success","08/28/2016 22:02:20 PM
LogName=Security
SourceName=Microsoft Windows security auditing.
EventCode=4703
EventType=0
Type=Information
ComputerName=we1662srv.waynecorpinc.local
TaskCategory=Authorization Policy Change
OpCode=Info
RecordNumber=530569
Keywords=Audit Success
Message=A user right was adjusted.

Subject:
	Security ID:		NT AUTHORITY\SYSTEM
	Account Name:		we1662srv$
	Account Domain:		WAYNECORPINC
	Logon ID:		0x3E7

Target Account:
	Security ID:		NT AUTHORITY\SYSTEM
	Account Name:		we1662srv$
	Account Domain:		WAYNECORPINC
	Logon ID:		0x3E7

Process Information:
	Process ID:		0x15c4
	Process Name:		C:\Windows\WinSxS\amd64_microsoft-windows-servicingstack_31bf3856ad364e35_10.0.10586.486_none_7640e086266ea227\TiWorker.exe

Enabled Privileges:
			SeSecurityPrivilege

Disabled Privileges:
			-
",41168,"['kraken.local', 'botsv1']",WinEventLog:Security,2016-08-28 16:02:20.000 MDT,,0x15c4,C:\Windows\WinSxS\amd64_microsoft-windows-servicingstack_31bf3856ad364e35_10.0.10586.486_none_7640e086266ea227\TiWorker.exe,,,,,,,,,,,,,,we1662srv$,,,,,,,,,,,,,,,,,,,,,Изменение прав пользователя (эскалация привилегий),HIGH
WAYNECORPINC,we3652srv$,we3652srv.waynecorpinc.local,0xddc,4688,0,Audit Success,Security,0x3E7,"A new process has been created.

Subject:
	Security ID:		NT AUTHORITY\SYSTEM
	Account Name:		we3652srv$
	Account Domain:		WAYNECORPINC
	Logon ID:		0x3E7

Process Information:
	New Process ID:		0x97c
	New Process Name:	C:\Program Files\SplunkUniversalForwarder\bin\splunk-winprintmon.exe
	Token Elevation Type:	TokenElevationTypeDefault (1)
	Creator Process ID:	0xddc
	Process Command Line:	""C:\Program Files\SplunkUniversalForwarder\bin\splunk-winprintmon.exe""

Token Elevation Type indicates the type of token that was assigned to the new process in accordance with User Account Control policy.

Type 1 is a full token with no privileges removed or groups disabled.  A full token is only used if User Account Control is disabled or if the user is the built-in Administrator account or a service account.

Type 2 is an elevated token with no privileges removed or groups disabled.  An elevated token is used when User Account Control is enabled and the user chooses to start the program using Run as administrator.  An elevated token is also used when an application is configured to always require administrative privilege or to always require maximum privilege, and the user is a member of the Administrators group.

Type 3 is a limited token with administrative privileges removed and administrative groups disabled.  The limited token is used when User Account Control is enabled, the application does not require administrative privilege, and the user does not choose to start the program using Run as administrator.",0x97c,C:\Program Files\SplunkUniversalForwarder\bin\splunk-winprintmon.exe,Info,"""C:\Program Files\SplunkUniversalForwarder\bin\splunk-winprintmon.exe""",25219,NT AUTHORITY\SYSTEM,Microsoft Windows security auditing.,Process Creation,TokenElevationTypeDefault (1),1,Information,success,win:unknown,"A new process has been created.

Subject:
	Security ID:		NT AUTHORITY\SYSTEM
	Account Name:		we3652srv$
	Account Domain:		WAYNECORPINC
	Logon ID:		0x3E7

Process Information:
	New Process ID:		0x97c
	New Process Name:	C:\Program Files\SplunkUniversalForwarder\bin\splunk-winprintmon.exe
	Token Elevation Type:	TokenElevationTypeDefault (1)
	Creator Process ID:	0xddc
	Process Command Line:	""C:\Program Files\SplunkUniversalForwarder\bin\splunk-winprintmon.exe""

Token Elevation Type indicates the type of token that was assigned to the new process in accordance with User Account Control policy.

Type 1 is a full token with no privileges removed or groups disabled.  A full token is only used if User Account Control is disabled or if the user is the built-in Administrator account or a service account.

Type 2 is an elevated token with no privileges removed or groups disabled.  An elevated token is used when User Account Control is enabled and the user chooses to start the program using Run as administrator.  An elevated token is also used when an application is configured to always require administrative privilege or to always require maximum privilege, and the user is a member of the Administrators group.

Type 3 is a limited token with administrative privileges removed and administrative groups disabled.  The limited token is used when User Account Control is enabled, the application does not require administrative privilege, and the user does not choose to start the program using Run as administrator.",22,28,2,august,20,sunday,2016,local,we3652srv.waynecorpinc.local,WAYNECORPINC,we3652srv.waynecorpinc.local,we3652srv,we3652srv,25219,"['windows_process_new', 'wineventlog_security', 'wineventlog_windows', 'winsec']",we3652srv,25219,botsv1,34,we3652srv$,NT AUTHORITY\SYSTEM,NT AUTHORITY\,A new process has been created,WinEventLog:Security,Windows,//_::_==___.====..=_===_=_____.:t_:tt_\t_:tt$t_:tt,0x3E7,Information,0,A new process has been created,4688,WinEventLog:Security,WinEventLog:Security,kraken.local,we3652srv.waynecorpinc.local,NT AUTHORITY,success,A new process has been created,"['execute', 'os', 'process', 'security', 'start', 'windows']","['execute', 'os', 'process', 'security', 'start', 'windows']",23,0,we3652srv$,Microsoft,botsv1~59~25FE58F7-C438-478E-AC42-625F7A4D81D6,59:220111591,none,1473354919,"08/28/2016 22:02:20 PM
LogName=Security
SourceName=Microsoft Windows security auditing.
EventCode=4688
EventType=0
Type=Information
ComputerName=we3652srv.waynecorpinc.local
TaskCategory=Process Creation
OpCode=Info
RecordNumber=25219
Keywords=Audit Success","08/28/2016 22:02:20 PM
