LogName=Security
SourceName=Microsoft Windows security auditing.
EventCode=4688
EventType=0
Type=Information
ComputerName=we3134srv.waynecorpinc.local
TaskCategory=Process Creation
OpCode=Info
RecordNumber=33975
Keywords=Audit Success
Message=A new process has been created.

Subject:
	Security ID:		NT AUTHORITY\SYSTEM
	Account Name:		we3134srv$
	Account Domain:		WAYNECORPINC
	Logon ID:		0x3E7

Process Information:
	New Process ID:		0xa78
	New Process Name:	C:\Program Files\SplunkUniversalForwarder\bin\splunk-admon.exe
	Token Elevation Type:	TokenElevationTypeDefault (1)
	Creator Process ID:	0xc24
	Process Command Line:	""C:\Program Files\SplunkUniversalForwarder\bin\splunk-admon.exe""

Token Elevation Type indicates the type of token that was assigned to the new process in accordance with User Account Control policy.

Type 1 is a full token with no privileges removed or groups disabled.  A full token is only used if User Account Control is disabled or if the user is the built-in Administrator account or a service account.

Type 2 is an elevated token with no privileges removed or groups disabled.  An elevated token is used when User Account Control is enabled and the user chooses to start the program using Run as administrator.  An elevated token is also used when an application is configured to always require administrative privilege or to always require maximum privilege, and the user is a member of the Administrators group.

Type 3 is a limited token with administrative privileges removed and administrative groups disabled.  The limited token is used when User Account Control is enabled, the application does not require administrative privilege, and the user does not choose to start the program using Run as administrator.
",41191,"['kraken.local', 'botsv1']",WinEventLog:Security,2016-08-28 16:02:17.000 MDT,,,,,,,,,,,,,,,,,,,,,,,,,,,,,,,,,,,,,,Создание процесса (следить за подозрительными процессами),MEDIUM
"['WAYNECORPINC', 'WAYNECORPINC']","['we8670srv$', 'we8670srv$']",we8670srv.waynecorpinc.local,,4703,0,Audit Success,Security,"['0x3E7', '0x3E7']","A user right was adjusted.

Subject:
	Security ID:		NT AUTHORITY\SYSTEM
	Account Name:		we8670srv$
	Account Domain:		WAYNECORPINC
	Logon ID:		0x3E7

Target Account:
	Security ID:		NT AUTHORITY\SYSTEM
	Account Name:		we8670srv$
	Account Domain:		WAYNECORPINC
	Logon ID:		0x3E7

Process Information:
	Process ID:		0x15c4
	Process Name:		C:\Windows\WinSxS\amd64_microsoft-windows-servicingstack_31bf3856ad364e35_10.0.10586.486_none_7640e086266ea227\TiWorker.exe

Enabled Privileges:
			SeSecurityPrivilege

Disabled Privileges:
			-",,,Info,,530488,"['NT AUTHORITY\\SYSTEM', 'NT AUTHORITY\\SYSTEM']",Microsoft Windows security auditing.,Authorization Policy Change,,,Information,success,win:unknown,"A user right was adjusted.

Subject:
	Security ID:		NT AUTHORITY\SYSTEM
	Account Name:		we8670srv$
	Account Domain:		WAYNECORPINC
	Logon ID:		0x3E7

Target Account:
	Security ID:		NT AUTHORITY\SYSTEM
	Account Name:		we8670srv$
	Account Domain:		WAYNECORPINC
	Logon ID:		0x3E7

Process Information:
	Process ID:		0x15c4
	Process Name:		C:\Windows\WinSxS\amd64_microsoft-windows-servicingstack_31bf3856ad364e35_10.0.10586.486_none_7640e086266ea227\TiWorker.exe

Enabled Privileges:
			SeSecurityPrivilege

Disabled Privileges:
			-",22,28,2,august,17,sunday,2016,local,we8670srv.waynecorpinc.local,WAYNECORPINC,we8670srv.waynecorpinc.local,we8670srv,we8670srv,530488,"['wineventlog_security', 'wineventlog_windows', 'winsec']",we8670srv,530488,botsv1,35,"we8670srv$
we8670srv$","NT AUTHORITY\SYSTEM
NT AUTHORITY\SYSTEM",NT AUTHORITY\,,WinEventLog:Security,Windows,//_::_==___.====..=__===_=____.:t_:tt_\t_:tt$t_:tt,0x3E7,Information,0,,4703,WinEventLog:Security,WinEventLog:Security,kraken.local,we8670srv.waynecorpinc.local,WAYNECORPINC,success,,"['os', 'security', 'windows']","['os', 'security', 'windows']",23,0,we8670srv$,Microsoft,botsv1~59~25FE58F7-C438-478E-AC42-625F7A4D81D6,59:182946019,none,1473354340,"08/28/2016 22:02:17 PM
LogName=Security
SourceName=Microsoft Windows security auditing.
EventCode=4703
EventType=0
Type=Information
ComputerName=we8670srv.waynecorpinc.local
TaskCategory=Authorization Policy Change
OpCode=Info
RecordNumber=530488
Keywords=Audit Success","08/28/2016 22:02:17 PM
LogName=Security
SourceName=Microsoft Windows security auditing.
EventCode=4703
EventType=0
Type=Information
ComputerName=we8670srv.waynecorpinc.local
TaskCategory=Authorization Policy Change
OpCode=Info
RecordNumber=530488
Keywords=Audit Success
Message=A user right was adjusted.

Subject:
	Security ID:		NT AUTHORITY\SYSTEM
	Account Name:		we8670srv$
	Account Domain:		WAYNECORPINC
	Logon ID:		0x3E7

Target Account:
	Security ID:		NT AUTHORITY\SYSTEM
	Account Name:		we8670srv$
	Account Domain:		WAYNECORPINC
	Logon ID:		0x3E7

Process Information:
	Process ID:		0x15c4
	Process Name:		C:\Windows\WinSxS\amd64_microsoft-windows-servicingstack_31bf3856ad364e35_10.0.10586.486_none_7640e086266ea227\TiWorker.exe

Enabled Privileges:
			SeSecurityPrivilege

Disabled Privileges:
			-
",41192,"['kraken.local', 'botsv1']",WinEventLog:Security,2016-08-28 16:02:17.000 MDT,,0x15c4,C:\Windows\WinSxS\amd64_microsoft-windows-servicingstack_31bf3856ad364e35_10.0.10586.486_none_7640e086266ea227\TiWorker.exe,,,,,,,,,,,,,,we8670srv$,,,,,,,,,,,,,,,,,,,,,Изменение прав пользователя (эскалация привилегий),HIGH
"['WAYNECORPINC', 'WAYNECORPINC']","['we7887srv$', 'we7887srv$']",we7887srv.waynecorpinc.local,,4703,0,Audit Success,Security,"['0x3E7', '0x3E7']","A user right was adjusted.

Subject:
	Security ID:		NT AUTHORITY\SYSTEM
	Account Name:		we7887srv$
	Account Domain:		WAYNECORPINC
	Logon ID:		0x3E7

Target Account:
	Security ID:		NT AUTHORITY\SYSTEM
	Account Name:		we7887srv$
	Account Domain:		WAYNECORPINC
	Logon ID:		0x3E7

Process Information:
	Process ID:		0x15c4
	Process Name:		C:\Windows\WinSxS\amd64_microsoft-windows-servicingstack_31bf3856ad364e35_10.0.10586.486_none_7640e086266ea227\TiWorker.exe

Enabled Privileges:
			SeSecurityPrivilege

Disabled Privileges:
			-",,,Info,,542497,"['NT AUTHORITY\\SYSTEM', 'NT AUTHORITY\\SYSTEM']",Microsoft Windows security auditing.,Authorization Policy Change,,,Information,success,win:unknown,"A user right was adjusted.

Subject:
	Security ID:		NT AUTHORITY\SYSTEM
	Account Name:		we7887srv$
	Account Domain:		WAYNECORPINC
	Logon ID:		0x3E7

Target Account:
	Security ID:		NT AUTHORITY\SYSTEM
	Account Name:		we7887srv$
	Account Domain:		WAYNECORPINC
	Logon ID:		0x3E7

Process Information:
	Process ID:		0x15c4
	Process Name:		C:\Windows\WinSxS\amd64_microsoft-windows-servicingstack_31bf3856ad364e35_10.0.10586.486_none_7640e086266ea227\TiWorker.exe

Enabled Privileges:
			SeSecurityPrivilege

Disabled Privileges:
			-",22,28,2,august,17,sunday,2016,local,we7887srv.waynecorpinc.local,WAYNECORPINC,we7887srv.waynecorpinc.local,we7887srv,we7887srv,542497,"['wineventlog_security', 'wineventlog_windows', 'winsec']",we7887srv,542497,botsv1,35,"we7887srv$
we7887srv$","NT AUTHORITY\SYSTEM
NT AUTHORITY\SYSTEM",NT AUTHORITY\,,WinEventLog:Security,Windows,//_::_==___.====..=__===_=____.:t_:tt_\t_:tt$t_:tt,0x3E7,Information,0,,4703,WinEventLog:Security,WinEventLog:Security,kraken.local,we7887srv.waynecorpinc.local,WAYNECORPINC,success,,"['os', 'security', 'windows']","['os', 'security', 'windows']",23,0,we7887srv$,Microsoft,botsv1~59~25FE58F7-C438-478E-AC42-625F7A4D81D6,59:181182119,none,1473354317,"08/28/2016 22:02:17 PM
LogName=Security
SourceName=Microsoft Windows security auditing.
EventCode=4703
EventType=0
Type=Information
ComputerName=we7887srv.waynecorpinc.local
TaskCategory=Authorization Policy Change
OpCode=Info
RecordNumber=542497
Keywords=Audit Success","08/28/2016 22:02:17 PM
LogName=Security
SourceName=Microsoft Windows security auditing.
EventCode=4703
EventType=0
Type=Information
ComputerName=we7887srv.waynecorpinc.local
TaskCategory=Authorization Policy Change
OpCode=Info
RecordNumber=542497
Keywords=Audit Success
Message=A user right was adjusted.

Subject:
	Security ID:		NT AUTHORITY\SYSTEM
	Account Name:		we7887srv$
	Account Domain:		WAYNECORPINC
	Logon ID:		0x3E7

Target Account:
	Security ID:		NT AUTHORITY\SYSTEM
	Account Name:		we7887srv$
	Account Domain:		WAYNECORPINC
	Logon ID:		0x3E7

Process Information:
	Process ID:		0x15c4
	Process Name:		C:\Windows\WinSxS\amd64_microsoft-windows-servicingstack_31bf3856ad364e35_10.0.10586.486_none_7640e086266ea227\TiWorker.exe

Enabled Privileges:
			SeSecurityPrivilege

Disabled Privileges:
			-
",41193,"['kraken.local', 'botsv1']",WinEventLog:Security,2016-08-28 16:02:17.000 MDT,,0x15c4,C:\Windows\WinSxS\amd64_microsoft-windows-servicingstack_31bf3856ad364e35_10.0.10586.486_none_7640e086266ea227\TiWorker.exe,,,,,,,,,,,,,,we7887srv$,,,,,,,,,,,,,,,,,,,,,Изменение прав пользователя (эскалация привилегий),HIGH
"['-', 'WAYNECORPINC']","['-', 'we8382srv$']",we8382srv.waynecorpinc.local,,4624,0,Audit Success,Security,"['0x0', '0x1E42C53']","An account was successfully logged on.

Subject:
	Security ID:		NULL SID
	Account Name:		-
	Account Domain:		-
	Logon ID:		0x0

Logon Type:			3

Impersonation Level:		Impersonation

New Logon:
	Security ID:		NT AUTHORITY\SYSTEM
	Account Name:		we8382srv$
	Account Domain:		WAYNECORPINC
	Logon ID:		0x1E42C53
	Logon GUID:		{07CD1F19-BEA5-63D0-FEC5-962937A38031}

Process Information:
	Process ID:		0x0
	Process Name:		-

Network Information:
	Workstation Name:	
	Source Network Address:	fe80::a971:d247:426d:612c
	Source Port:		51956

Detailed Authentication Information:
	Logon Process:		Kerberos
	Authentication Package:	Kerberos
	Transited Services:	-
	Package Name (NTLM only):	-
	Key Length:		0

This event is generated when a logon session is created. It is generated on the computer that was accessed.

The subject fields indicate the account on the local system which requested the logon. This is most commonly a service such as the Server service, or a local process such as Winlogon.exe or Services.exe.

The logon type field indicates the kind of logon that occurred. The most common types are 2 (interactive) and 3 (network).

The New Logon fields indicate the account for whom the new logon was created, i.e. the account that was logged on.

The network fields indicate where a remote logon request originated. Workstation name is not always available and may be left blank in some cases.

The impersonation level field indicates the extent to which a process in the logon session can impersonate.

The authentication information fields provide detailed information about this specific logon request.
	- Logon GUID is a unique identifier that can be used to correlate this event with a KDC event.
	- Transited services indicate which intermediate services have participated in this logon request.
	- Package name indicates which sub-protocol was used among the NTLM protocols.
	- Key length indicates the length of the generated session key. This will be 0 if no session key was requested.",,,Info,,49145,"['NULL SID', 'NT AUTHORITY\\SYSTEM']",Microsoft Windows security auditing.,Logon,,,Information,success,win:remote,"An account was successfully logged on.

Subject:
	Security ID:		NULL SID
	Account Name:		-
	Account Domain:		-
	Logon ID:		0x0

Logon Type:			3

Impersonation Level:		Impersonation

New Logon:
	Security ID:		NT AUTHORITY\SYSTEM
	Account Name:		we8382srv$
	Account Domain:		WAYNECORPINC
	Logon ID:		0x1E42C53
	Logon GUID:		{07CD1F19-BEA5-63D0-FEC5-962937A38031}

Process Information:
	Process ID:		0x0
	Process Name:		-

Network Information:
	Workstation Name:	
	Source Network Address:	fe80::a971:d247:426d:612c
	Source Port:		51956

Detailed Authentication Information:
	Logon Process:		Kerberos
	Authentication Package:	Kerberos
	Transited Services:	-
	Package Name (NTLM only):	-
	Key Length:		0

This event is generated when a logon session is created. It is generated on the computer that was accessed.

The subject fields indicate the account on the local system which requested the logon. This is most commonly a service such as the Server service, or a local process such as Winlogon.exe or Services.exe.

The logon type field indicates the kind of logon that occurred. The most common types are 2 (interactive) and 3 (network).

The New Logon fields indicate the account for whom the new logon was created, i.e. the account that was logged on.

The network fields indicate where a remote logon request originated. Workstation name is not always available and may be left blank in some cases.

The impersonation level field indicates the extent to which a process in the logon session can impersonate.

The authentication information fields provide detailed information about this specific logon request.
	- Logon GUID is a unique identifier that can be used to correlate this event with a KDC event.
	- Transited services indicate which intermediate services have participated in this logon request.
	- Package name indicates which sub-protocol was used among the NTLM protocols.
	- Key length indicates the length of the generated session key. This will be 0 if no session key was requested.",22,28,2,august,17,sunday,2016,local,we8382srv.waynecorpinc.local,WAYNECORPINC,we8382srv.waynecorpinc.local,we8382srv,we8382srv,49145,"['windows_logon_success', 'wineventlog_security', 'wineventlog_windows', 'winsec']",we8382srv,49145,botsv1,64,"-
we8382srv$","NULL SID
NT AUTHORITY\SYSTEM","NULL SID
NT AUTHORITY\",An account was successfully logged on,WinEventLog:Security,Windows,//_::_==___.====..====_=_____.:t_:tt_t_:tt-t_:tt-t,0x1E42C53,Information,0,An account was successfully logged on,4624,WinEventLog:Security,WinEventLog:Security,kraken.local,fe80::a971:d247:426d:612c,"NULL SID
NT AUTHORITY",success,An account was successfully logged on,"['authentication', 'os', 'remote', 'security', 'windows']","['authentication', 'os', 'security', 'windows']",23,0,we8382srv$,Microsoft,botsv1~59~25FE58F7-C438-478E-AC42-625F7A4D81D6,59:53258006,none,1473352316,"08/28/2016 22:02:17 PM
LogName=Security
SourceName=Microsoft Windows security auditing.
EventCode=4624
EventType=0
Type=Information
ComputerName=we8382srv.waynecorpinc.local
TaskCategory=Logon
OpCode=Info
RecordNumber=49145
Keywords=Audit Success","08/28/2016 22:02:17 PM
LogName=Security
SourceName=Microsoft Windows security auditing.
EventCode=4624
EventType=0
Type=Information
ComputerName=we8382srv.waynecorpinc.local
TaskCategory=Logon
OpCode=Info
RecordNumber=49145
Keywords=Audit Success
Message=An account was successfully logged on.

Subject:
	Security ID:		NULL SID
	Account Name:		-
	Account Domain:		-
	Logon ID:		0x0

Logon Type:			3

Impersonation Level:		Impersonation

New Logon:
	Security ID:		NT AUTHORITY\SYSTEM
	Account Name:		we8382srv$
	Account Domain:		WAYNECORPINC
	Logon ID:		0x1E42C53
	Logon GUID:		{07CD1F19-BEA5-63D0-FEC5-962937A38031}

Process Information:
	Process ID:		0x0
	Process Name:		-

Network Information:
	Workstation Name:	
	Source Network Address:	fe80::a971:d247:426d:612c
	Source Port:		51956

Detailed Authentication Information:
	Logon Process:		Kerberos
	Authentication Package:	Kerberos
	Transited Services:	-
	Package Name (NTLM only):	-
	Key Length:		0

This event is generated when a logon session is created. It is generated on the computer that was accessed.

The subject fields indicate the account on the local system which requested the logon. This is most commonly a service such as the Server service, or a local process such as Winlogon.exe or Services.exe.

The logon type field indicates the kind of logon that occurred. The most common types are 2 (interactive) and 3 (network).

The New Logon fields indicate the account for whom the new logon was created, i.e. the account that was logged on.

The network fields indicate where a remote logon request originated. Workstation name is not always available and may be left blank in some cases.

The impersonation level field indicates the extent to which a process in the logon session can impersonate.

The authentication information fields provide detailed information about this specific logon request.
	- Logon GUID is a unique identifier that can be used to correlate this event with a KDC event.
	- Transited services indicate which intermediate services have participated in this logon request.
	- Package name indicates which sub-protocol was used among the NTLM protocols.
	- Key length indicates the length of the generated session key. This will be 0 if no session key was requested.
",41194,"['kraken.local', 'botsv1']",WinEventLog:Security,2016-08-28 16:02:17.000 MDT,,0x0,-,Kerberos,Impersonation,0,{07CD1F19-BEA5-63D0-FEC5-962937A38031},Kerberos,3,-,fe80::a971:d247:426d:612c,51956,-,fe80::a971:d247:426d:612c,51956,remote,,,,,,,,,,,,,,,,,,,,,,Успешный вход (следить за аномалиями),MEDIUM
