LogName=Security
SourceName=Microsoft Windows security auditing.
EventCode=4624
EventType=0
Type=Information
ComputerName=we4664srv.waynecorpinc.local
TaskCategory=Logon
OpCode=Info
RecordNumber=40999
Keywords=Audit Success
Message=An account was successfully logged on.

Subject:
	Security ID:		NULL SID
	Account Name:		-
	Account Domain:		-
	Logon ID:		0x0

Logon Type:			3

Impersonation Level:		Impersonation

New Logon:
	Security ID:		NT AUTHORITY\SYSTEM
	Account Name:		we4664srv$
	Account Domain:		WAYNECORPINC
	Logon ID:		0x1966685
	Logon GUID:		{E070CA61-40F8-8FD4-3235-15A94E6DF787}

Process Information:
	Process ID:		0x0
	Process Name:		-

Network Information:
	Workstation Name:	
	Source Network Address:	fe80::a971:d247:426d:612c
	Source Port:		49852

Detailed Authentication Information:
	Logon Process:		Kerberos
	Authentication Package:	Kerberos
	Transited Services:	-
	Package Name (NTLM only):	-
	Key Length:		0

This event is generated when a logon session is created. It is generated on the computer that was accessed.

The subject fields indicate the account on the local system which requested the logon. This is most commonly a service such as the Server service, or a local process such as Winlogon.exe or Services.exe.

The logon type field indicates the kind of logon that occurred. The most common types are 2 (interactive) and 3 (network).

The New Logon fields indicate the account for whom the new logon was created, i.e. the account that was logged on.

The network fields indicate where a remote logon request originated. Workstation name is not always available and may be left blank in some cases.

The impersonation level field indicates the extent to which a process in the logon session can impersonate.

The authentication information fields provide detailed information about this specific logon request.
	- Logon GUID is a unique identifier that can be used to correlate this event with a KDC event.
	- Transited services indicate which intermediate services have participated in this logon request.
	- Package name indicates which sub-protocol was used among the NTLM protocols.
	- Key length indicates the length of the generated session key. This will be 0 if no session key was requested.
",41178,"['kraken.local', 'botsv1']",WinEventLog:Security,2016-08-28 16:02:18.000 MDT,,0x0,-,Kerberos,Impersonation,0,{E070CA61-40F8-8FD4-3235-15A94E6DF787},Kerberos,3,-,fe80::a971:d247:426d:612c,49852,-,fe80::a971:d247:426d:612c,49852,remote,,,,,,,,,,,,,,,,,,,,,,Успешный вход (следить за аномалиями),MEDIUM
WAYNECORPINC,we2419srv$,we2419srv.waynecorpinc.local,0xddc,4688,0,Audit Success,Security,0x3E7,"A new process has been created.

Subject:
	Security ID:		NT AUTHORITY\SYSTEM
	Account Name:		we2419srv$
	Account Domain:		WAYNECORPINC
	Logon ID:		0x3E7

Process Information:
	New Process ID:		0xdf8
	New Process Name:	C:\Program Files\SplunkUniversalForwarder\bin\splunk-winprintmon.exe
	Token Elevation Type:	TokenElevationTypeDefault (1)
	Creator Process ID:	0xddc
	Process Command Line:	""C:\Program Files\SplunkUniversalForwarder\bin\splunk-winprintmon.exe""

Token Elevation Type indicates the type of token that was assigned to the new process in accordance with User Account Control policy.

Type 1 is a full token with no privileges removed or groups disabled.  A full token is only used if User Account Control is disabled or if the user is the built-in Administrator account or a service account.

Type 2 is an elevated token with no privileges removed or groups disabled.  An elevated token is used when User Account Control is enabled and the user chooses to start the program using Run as administrator.  An elevated token is also used when an application is configured to always require administrative privilege or to always require maximum privilege, and the user is a member of the Administrators group.

Type 3 is a limited token with administrative privileges removed and administrative groups disabled.  The limited token is used when User Account Control is enabled, the application does not require administrative privilege, and the user does not choose to start the program using Run as administrator.",0xdf8,C:\Program Files\SplunkUniversalForwarder\bin\splunk-winprintmon.exe,Info,"""C:\Program Files\SplunkUniversalForwarder\bin\splunk-winprintmon.exe""",18754,NT AUTHORITY\SYSTEM,Microsoft Windows security auditing.,Process Creation,TokenElevationTypeDefault (1),1,Information,success,win:unknown,"A new process has been created.

Subject:
	Security ID:		NT AUTHORITY\SYSTEM
	Account Name:		we2419srv$
	Account Domain:		WAYNECORPINC
	Logon ID:		0x3E7

Process Information:
	New Process ID:		0xdf8
	New Process Name:	C:\Program Files\SplunkUniversalForwarder\bin\splunk-winprintmon.exe
	Token Elevation Type:	TokenElevationTypeDefault (1)
	Creator Process ID:	0xddc
	Process Command Line:	""C:\Program Files\SplunkUniversalForwarder\bin\splunk-winprintmon.exe""

Token Elevation Type indicates the type of token that was assigned to the new process in accordance with User Account Control policy.

Type 1 is a full token with no privileges removed or groups disabled.  A full token is only used if User Account Control is disabled or if the user is the built-in Administrator account or a service account.

Type 2 is an elevated token with no privileges removed or groups disabled.  An elevated token is used when User Account Control is enabled and the user chooses to start the program using Run as administrator.  An elevated token is also used when an application is configured to always require administrative privilege or to always require maximum privilege, and the user is a member of the Administrators group.

Type 3 is a limited token with administrative privileges removed and administrative groups disabled.  The limited token is used when User Account Control is enabled, the application does not require administrative privilege, and the user does not choose to start the program using Run as administrator.",22,28,2,august,18,sunday,2016,local,we2419srv.waynecorpinc.local,WAYNECORPINC,we2419srv.waynecorpinc.local,we2419srv,we2419srv,18754,"['windows_process_new', 'wineventlog_security', 'wineventlog_windows', 'winsec']",we2419srv,18754,botsv1,34,we2419srv$,NT AUTHORITY\SYSTEM,NT AUTHORITY\,A new process has been created,WinEventLog:Security,Windows,//_::_==___.====..=_===_=_____.:t_:tt_\t_:tt$t_:tt,0x3E7,Information,0,A new process has been created,4688,WinEventLog:Security,WinEventLog:Security,kraken.local,we2419srv.waynecorpinc.local,NT AUTHORITY,success,A new process has been created,"['execute', 'os', 'process', 'security', 'start', 'windows']","['execute', 'os', 'process', 'security', 'start', 'windows']",23,0,we2419srv$,Microsoft,botsv1~59~25FE58F7-C438-478E-AC42-625F7A4D81D6,59:234033502,none,1473355137,"08/28/2016 22:02:18 PM
LogName=Security
SourceName=Microsoft Windows security auditing.
EventCode=4688
EventType=0
Type=Information
ComputerName=we2419srv.waynecorpinc.local
TaskCategory=Process Creation
OpCode=Info
RecordNumber=18754
Keywords=Audit Success","08/28/2016 22:02:18 PM
LogName=Security
SourceName=Microsoft Windows security auditing.
EventCode=4688
EventType=0
Type=Information
ComputerName=we2419srv.waynecorpinc.local
TaskCategory=Process Creation
OpCode=Info
RecordNumber=18754
Keywords=Audit Success
Message=A new process has been created.

Subject:
	Security ID:		NT AUTHORITY\SYSTEM
	Account Name:		we2419srv$
	Account Domain:		WAYNECORPINC
	Logon ID:		0x3E7

Process Information:
	New Process ID:		0xdf8
	New Process Name:	C:\Program Files\SplunkUniversalForwarder\bin\splunk-winprintmon.exe
	Token Elevation Type:	TokenElevationTypeDefault (1)
	Creator Process ID:	0xddc
	Process Command Line:	""C:\Program Files\SplunkUniversalForwarder\bin\splunk-winprintmon.exe""

Token Elevation Type indicates the type of token that was assigned to the new process in accordance with User Account Control policy.

Type 1 is a full token with no privileges removed or groups disabled.  A full token is only used if User Account Control is disabled or if the user is the built-in Administrator account or a service account.

Type 2 is an elevated token with no privileges removed or groups disabled.  An elevated token is used when User Account Control is enabled and the user chooses to start the program using Run as administrator.  An elevated token is also used when an application is configured to always require administrative privilege or to always require maximum privilege, and the user is a member of the Administrators group.

Type 3 is a limited token with administrative privileges removed and administrative groups disabled.  The limited token is used when User Account Control is enabled, the application does not require administrative privilege, and the user does not choose to start the program using Run as administrator.
",41179,"['kraken.local', 'botsv1']",WinEventLog:Security,2016-08-28 16:02:18.000 MDT,,,,,,,,,,,,,,,,,,,,,,,,,,,,,,,,,,,,,,Создание процесса (следить за подозрительными процессами),MEDIUM
WAYNECORPINC,we6908srv$,we6908srv.waynecorpinc.local,,4689,0,Audit Success,Security,0x3E7,"A process has exited.

Subject:
	Security ID:		NT AUTHORITY\SYSTEM
	Account Name:		we6908srv$
	Account Domain:		WAYNECORPINC
	Logon ID:		0x3E7

Process Information:
	Process ID:	0x7e0
	Process Name:	C:\Program Files\SplunkUniversalForwarder\bin\splunk-winprintmon.exe
	Exit Status:	0x1",,,Info,,545225,NT AUTHORITY\SYSTEM,Microsoft Windows security auditing.,Process Termination,,,Information,success,win:unknown,"A process has exited.

Subject:
	Security ID:		NT AUTHORITY\SYSTEM
	Account Name:		we6908srv$
	Account Domain:		WAYNECORPINC
	Logon ID:		0x3E7

Process Information:
	Process ID:	0x7e0
	Process Name:	C:\Program Files\SplunkUniversalForwarder\bin\splunk-winprintmon.exe
	Exit Status:	0x1",22,28,2,august,18,sunday,2016,local,we6908srv.waynecorpinc.local,WAYNECORPINC,we6908srv.waynecorpinc.local,we6908srv,we6908srv,545225,"['windows_process_exit', 'wineventlog_security', 'wineventlog_windows', 'winsec']",we6908srv,545225,botsv1,24,we6908srv$,NT AUTHORITY\SYSTEM,NT AUTHORITY\,A process has exited,WinEventLog:Security,Windows,//_::_==___.====..=_===_=___.:t_:tt_\t_:tt$t_:ttt_,0x3E7,Information,0,A process has exited,4689,WinEventLog:Security,WinEventLog:Security,kraken.local,we6908srv.waynecorpinc.local,NT AUTHORITY,success,A process has exited,"['execute', 'os', 'process', 'security', 'stop', 'windows']","['execute', 'os', 'process', 'security', 'stop', 'windows']",23,0,we6908srv$,Microsoft,botsv1~59~25FE58F7-C438-478E-AC42-625F7A4D81D6,59:61844184,none,1473352449,"08/28/2016 22:02:18 PM
LogName=Security
SourceName=Microsoft Windows security auditing.
EventCode=4689
EventType=0
Type=Information
ComputerName=we6908srv.waynecorpinc.local
TaskCategory=Process Termination
OpCode=Info
RecordNumber=545225
Keywords=Audit Success","08/28/2016 22:02:18 PM
LogName=Security
SourceName=Microsoft Windows security auditing.
EventCode=4689
EventType=0
Type=Information
ComputerName=we6908srv.waynecorpinc.local
TaskCategory=Process Termination
OpCode=Info
RecordNumber=545225
Keywords=Audit Success
Message=A process has exited.

Subject:
	Security ID:		NT AUTHORITY\SYSTEM
	Account Name:		we6908srv$
	Account Domain:		WAYNECORPINC
	Logon ID:		0x3E7

Process Information:
	Process ID:	0x7e0
	Process Name:	C:\Program Files\SplunkUniversalForwarder\bin\splunk-winprintmon.exe
	Exit Status:	0x1
",41180,"['kraken.local', 'botsv1']",WinEventLog:Security,2016-08-28 16:02:18.000 MDT,0x1,0x7e0,C:\Program Files\SplunkUniversalForwarder\bin\splunk-winprintmon.exe,,,,,,,,,,,,,,,,,,,,,,,,,,,,,,,,,,,Завершение процесса,LOW
WAYNECORPINC,we2813srv$,we2813srv.waynecorpinc.local,,4689,0,Audit Success,Security,0x3E7,"A process has exited.

Subject:
	Security ID:		NT AUTHORITY\SYSTEM
	Account Name:		we2813srv$
	Account Domain:		WAYNECORPINC
	Logon ID:		0x3E7

Process Information:
	Process ID:	0xcc0
	Process Name:	C:\Program Files\SplunkUniversalForwarder\bin\splunk-admon.exe
	Exit Status:	0x1",,,Info,,25626,NT AUTHORITY\SYSTEM,Microsoft Windows security auditing.,Process Termination,,,Information,success,win:unknown,"A process has exited.

Subject:
	Security ID:		NT AUTHORITY\SYSTEM
	Account Name:		we2813srv$
	Account Domain:		WAYNECORPINC
	Logon ID:		0x3E7

Process Information:
	Process ID:	0xcc0
	Process Name:	C:\Program Files\SplunkUniversalForwarder\bin\splunk-admon.exe
	Exit Status:	0x1",22,28,2,august,18,sunday,2016,local,we2813srv.waynecorpinc.local,WAYNECORPINC,we2813srv.waynecorpinc.local,we2813srv,we2813srv,25626,"['windows_process_exit', 'wineventlog_security', 'wineventlog_windows', 'winsec']",we2813srv,25626,botsv1,24,we2813srv$,NT AUTHORITY\SYSTEM,NT AUTHORITY\,A process has exited,WinEventLog:Security,Windows,//_::_==___.====..=_===_=___.:t_:tt_\t_:tt$t_:ttt_,0x3E7,Information,0,A process has exited,4689,WinEventLog:Security,WinEventLog:Security,kraken.local,we2813srv.waynecorpinc.local,NT AUTHORITY,success,A process has exited,"['execute', 'os', 'process', 'security', 'stop', 'windows']","['execute', 'os', 'process', 'security', 'stop', 'windows']",23,0,we2813srv$,Microsoft,botsv1~59~25FE58F7-C438-478E-AC42-625F7A4D81D6,59:25442134,none,1473351883,"08/28/2016 22:02:18 PM
LogName=Security
SourceName=Microsoft Windows security auditing.
EventCode=4689
EventType=0
Type=Information
ComputerName=we2813srv.waynecorpinc.local
TaskCategory=Process Termination
OpCode=Info
RecordNumber=25626
Keywords=Audit Success","08/28/2016 22:02:18 PM
LogName=Security
SourceName=Microsoft Windows security auditing.
EventCode=4689
EventType=0
Type=Information
ComputerName=we2813srv.waynecorpinc.local
TaskCategory=Process Termination
OpCode=Info
RecordNumber=25626
Keywords=Audit Success
Message=A process has exited.

Subject:
	Security ID:		NT AUTHORITY\SYSTEM
	Account Name:		we2813srv$
	Account Domain:		WAYNECORPINC
	Logon ID:		0x3E7

Process Information:
	Process ID:	0xcc0
	Process Name:	C:\Program Files\SplunkUniversalForwarder\bin\splunk-admon.exe
	Exit Status:	0x1
",41181,"['kraken.local', 'botsv1']",WinEventLog:Security,2016-08-28 16:02:18.000 MDT,0x1,0xcc0,C:\Program Files\SplunkUniversalForwarder\bin\splunk-admon.exe,,,,,,,,,,,,,,,,,,,,,,,,,,,,,,,,,,,Завершение процесса,LOW
"['WAYNECORPINC', 'WAYNECORPINC']","['we8018srv$', 'we8018srv$']",we8018srv.waynecorpinc.local,,4703,0,Audit Success,Security,"['0x3E7', '0x3E7']","A user right was adjusted.

Subject:
	Security ID:		NT AUTHORITY\SYSTEM
	Account Name:		we8018srv$
	Account Domain:		WAYNECORPINC
	Logon ID:		0x3E7

Target Account:
	Security ID:		NT AUTHORITY\SYSTEM
	Account Name:		we8018srv$
	Account Domain:		WAYNECORPINC
	Logon ID:		0x3E7

Process Information:
	Process ID:		0x3b8
	Process Name:		C:\Windows\System32\svchost.exe

Enabled Privileges:
			SeAssignPrimaryTokenPrivilege
			SeIncreaseQuotaPrivilege
			SeSecurityPrivilege
			SeTakeOwnershipPrivilege
			SeLoadDriverPrivilege
			SeSystemtimePrivilege
			SeBackupPrivilege
			SeRestorePrivilege
			SeShutdownPrivilege
			SeSystemEnvironmentPrivilege
			SeUndockPrivilege
			SeManageVolumePrivilege

Disabled Privileges:
			-",,,Info,,544952,"['NT AUTHORITY\\SYSTEM', 'NT AUTHORITY\\SYSTEM']",Microsoft Windows security auditing.,Authorization Policy Change,,,Information,success,win:unknown,"A user right was adjusted.

Subject:
	Security ID:		NT AUTHORITY\SYSTEM
	Account Name:		we8018srv$
	Account Domain:		WAYNECORPINC
	Logon ID:		0x3E7

Target Account:
	Security ID:		NT AUTHORITY\SYSTEM
	Account Name:		we8018srv$
	Account Domain:		WAYNECORPINC
	Logon ID:		0x3E7

Process Information:
	Process ID:		0x3b8
	Process Name:		C:\Windows\System32\svchost.exe

Enabled Privileges:
			SeAssignPrimaryTokenPrivilege
			SeIncreaseQuotaPrivilege
			SeSecurityPrivilege
			SeTakeOwnershipPrivilege
			SeLoadDriverPrivilege
			SeSystemtimePrivilege
			SeBackupPrivilege
			SeRestorePrivilege
			SeShutdownPrivilege
			SeSystemEnvironmentPrivilege
			SeUndockPrivilege
			SeManageVolumePrivilege

Disabled Privileges:
			-",22,28,2,august,17,sunday,2016,local,we8018srv.waynecorpinc.local,WAYNECORPINC,we8018srv.waynecorpinc.local,we8018srv,we8018srv,544952,"['wineventlog_security', 'wineventlog_windows', 'winsec']",we8018srv,544952,botsv1,46,"we8018srv$
we8018srv$","NT AUTHORITY\SYSTEM
NT AUTHORITY\SYSTEM",NT AUTHORITY\,,WinEventLog:Security,Windows,//_::_==___.====..=__===_=____.:t_:tt_\t_:tt$t_:tt,0x3E7,Information,0,,4703,WinEventLog:Security,WinEventLog:Security,kraken.local,we8018srv.waynecorpinc.local,WAYNECORPINC,success,,"['os', 'security', 'windows']","['os', 'security', 'windows']",23,0,we8018srv$,Microsoft,botsv1~59~25FE58F7-C438-478E-AC42-625F7A4D81D6,59:845725607,none,1473364734,"08/28/2016 22:02:17 PM
LogName=Security
SourceName=Microsoft Windows security auditing.
EventCode=4703
EventType=0
Type=Information
ComputerName=we8018srv.waynecorpinc.local
TaskCategory=Authorization Policy Change
OpCode=Info
RecordNumber=544952
Keywords=Audit Success","08/28/2016 22:02:17 PM
LogName=Security
SourceName=Microsoft Windows security auditing.
EventCode=4703
EventType=0
Type=Information
ComputerName=we8018srv.waynecorpinc.local
TaskCategory=Authorization Policy Change
OpCode=Info
RecordNumber=544952
Keywords=Audit Success
Message=A user right was adjusted.

Subject:
	Security ID:		NT AUTHORITY\SYSTEM
	Account Name:		we8018srv$
	Account Domain:		WAYNECORPINC
	Logon ID:		0x3E7

Target Account:
	Security ID:		NT AUTHORITY\SYSTEM
	Account Name:		we8018srv$
	Account Domain:		WAYNECORPINC
	Logon ID:		0x3E7

Process Information:
	Process ID:		0x3b8
	Process Name:		C:\Windows\System32\svchost.exe

Enabled Privileges:
			SeAssignPrimaryTokenPrivilege
			SeIncreaseQuotaPrivilege
			SeSecurityPrivilege
			SeTakeOwnershipPrivilege
			SeLoadDriverPrivilege
			SeSystemtimePrivilege
			SeBackupPrivilege
			SeRestorePrivilege
			SeShutdownPrivilege
			SeSystemEnvironmentPrivilege
			SeUndockPrivilege
			SeManageVolumePrivilege

Disabled Privileges:
			-
",41182,"['kraken.local', 'botsv1']",WinEventLog:Security,2016-08-28 16:02:17.000 MDT,,0x3b8,C:\Windows\System32\svchost.exe,,,,,,,,,,,,,,we8018srv$,,,,,,,,,,,,,,,,,,,,,Изменение прав пользователя (эскалация привилегий),HIGH
"['WAYNECORPINC', 'WAYNECORPINC']","['we7075srv$', 'we7075srv$']",we7075srv.waynecorpinc.local,,4703,0,Audit Success,Security,"['0x3E7', '0x3E7']","A user right was adjusted.

Subject:
	Security ID:		NT AUTHORITY\SYSTEM
	Account Name:		we7075srv$
	Account Domain:		WAYNECORPINC
	Logon ID:		0x3E7

Target Account:
	Security ID:		NT AUTHORITY\SYSTEM
	Account Name:		we7075srv$
	Account Domain:		WAYNECORPINC
	Logon ID:		0x3E7

Process Information:
	Process ID:		0x15c4
	Process Name:		C:\Windows\WinSxS\amd64_microsoft-windows-servicingstack_31bf3856ad364e35_10.0.10586.486_none_7640e086266ea227\TiWorker.exe

Enabled Privileges:
			SeSecurityPrivilege

Disabled Privileges:
			-",,,Info,,529551,"['NT AUTHORITY\\SYSTEM', 'NT AUTHORITY\\SYSTEM']",Microsoft Windows security auditing.,Authorization Policy Change,,,Information,success,win:unknown,"A user right was adjusted.

Subject:
	Security ID:		NT AUTHORITY\SYSTEM
	Account Name:		we7075srv$
	Account Domain:		WAYNECORPINC
	Logon ID:		0x3E7

Target Account:
	Security ID:		NT AUTHORITY\SYSTEM
	Account Name:		we7075srv$
	Account Domain:		WAYNECORPINC
	Logon ID:		0x3E7

Process Information:
	Process ID:		0x15c4
	Process Name:		C:\Windows\WinSxS\amd64_microsoft-windows-servicingstack_31bf3856ad364e35_10.0.10586.486_none_7640e086266ea227\TiWorker.exe

Enabled Privileges:
			SeSecurityPrivilege

Disabled Privileges:
			-",22,28,2,august,17,sunday,2016,local,we7075srv.waynecorpinc.local,WAYNECORPINC,we7075srv.waynecorpinc.local,we7075srv,we7075srv,529551,"['wineventlog_security', 'wineventlog_windows', 'winsec']",we7075srv,529551,botsv1,35,"we7075srv$
we7075srv$","NT AUTHORITY\SYSTEM
NT AUTHORITY\SYSTEM",NT AUTHORITY\,,WinEventLog:Security,Windows,//_::_==___.====..=__===_=____.:t_:tt_\t_:tt$t_:tt,0x3E7,Information,0,,4703,WinEventLog:Security,WinEventLog:Security,kraken.local,we7075srv.waynecorpinc.local,WAYNECORPINC,success,,"['os', 'security', 'windows']","['os', 'security', 'windows']",23,0,we7075srv$,Microsoft,botsv1~59~25FE58F7-C438-478E-AC42-625F7A4D81D6,59:760374830,none,1473363377,"08/28/2016 22:02:17 PM
LogName=Security
SourceName=Microsoft Windows security auditing.
EventCode=4703
EventType=0
Type=Information
ComputerName=we7075srv.waynecorpinc.local
TaskCategory=Authorization Policy Change
OpCode=Info
RecordNumber=529551
Keywords=Audit Success","08/28/2016 22:02:17 PM
LogName=Security
SourceName=Microsoft Windows security auditing.
EventCode=4703
EventType=0
Type=Information
ComputerName=we7075srv.waynecorpinc.local
TaskCategory=Authorization Policy Change
OpCode=Info
RecordNumber=529551
Keywords=Audit Success
Message=A user right was adjusted.

Subject:
	Security ID:		NT AUTHORITY\SYSTEM
	Account Name:		we7075srv$
	Account Domain:		WAYNECORPINC
	Logon ID:		0x3E7

Target Account:
	Security ID:		NT AUTHORITY\SYSTEM
	Account Name:		we7075srv$
	Account Domain:		WAYNECORPINC
	Logon ID:		0x3E7

Process Information:
	Process ID:		0x15c4
	Process Name:		C:\Windows\WinSxS\amd64_microsoft-windows-servicingstack_31bf3856ad364e35_10.0.10586.486_none_7640e086266ea227\TiWorker.exe

Enabled Privileges:
			SeSecurityPrivilege

Disabled Privileges:
			-
",41183,"['kraken.local', 'botsv1']",WinEventLog:Security,2016-08-28 16:02:17.000 MDT,,0x15c4,C:\Windows\WinSxS\amd64_microsoft-windows-servicingstack_31bf3856ad364e35_10.0.10586.486_none_7640e086266ea227\TiWorker.exe,,,,,,,,,,,,,,we7075srv$,,,,,,,,,,,,,,,,,,,,,Изменение прав пользователя (эскалация привилегий),HIGH
WAYNECORPINC,Lara.Culbreth,we8460srv.waynecorpinc.local,,4656,0,Audit Success,Security,0x4ECABD,"A handle to an object was requested.

Subject:
	Security ID:		WAYNECORPINC\Lara.Culbreth
	Account Name:		Lara.Culbreth
	Account Domain:		WAYNECORPINC
	Logon ID:		0x4ECABD

Object:
	Object Server:		Security
	Object Type:		File
	Object Name:		C:\Windows\diagnostics\system\Apps
	Handle ID:		0x518
	Resource Attributes:	-

Process Information:
	Process ID:		0x348
	Process Name:		C:\Windows\System32\cleanmgr.exe

Access Request Information:
	Transaction ID:		{00000000-0000-0000-0000-000000000000}
	Accesses:		SYNCHRONIZE
				ReadData (or ListDirectory)
				
	Access Reasons:		SYNCHRONIZE:	Granted by	D:(A;;0x1200a9;;;BU)
				ReadData (or ListDirectory):	Granted by	D:(A;;0x1200a9;;;BU)
				
	Access Mask:		0x100001
	Privileges Used for Access Check:	-
	Restricted SID Count:	0",,,Info,,525118,WAYNECORPINC\Lara.Culbreth,Microsoft Windows security auditing.,File System,,,Information,success,win:unknown,"A handle to an object was requested.

Subject:
	Security ID:		WAYNECORPINC\Lara.Culbreth
	Account Name:		Lara.Culbreth
	Account Domain:		WAYNECORPINC
	Logon ID:		0x4ECABD

Object:
	Object Server:		Security
	Object Type:		File
	Object Name:		C:\Windows\diagnostics\system\Apps
	Handle ID:		0x518
	Resource Attributes:	-

Process Information:
	Process ID:		0x348
	Process Name:		C:\Windows\System32\cleanmgr.exe

Access Request Information:
	Transaction ID:		{00000000-0000-0000-0000-000000000000}
	Accesses:		SYNCHRONIZE
				ReadData (or ListDirectory)
				
	Access Reasons:		SYNCHRONIZE:	Granted by	D:(A;;0x1200a9;;;BU)
				ReadData (or ListDirectory):	Granted by	D:(A;;0x1200a9;;;BU)
				
	Access Mask:		0x100001
	Privileges Used for Access Check:	-
	Restricted SID Count:	0",22,28,2,august,17,sunday,2016,local,we8460srv.waynecorpinc.local,WAYNECORPINC,we8460srv.waynecorpinc.local,we8460srv,we8460srv,525118,"['windows_object_open', 'wineventlog_security', 'wineventlog_windows', 'winsec']",we8460srv,525118,botsv1,42,Lara.Culbreth,WAYNECORPINC\Lara.Culbreth,WAYNECORPINC\,A handle to an object was requested,WinEventLog:Security,Windows,//_::_==___.====..=_===_=______.:t_:tt\.t_:tt.t_:t,0x4ECABD,Information,0,A handle to an object was requested,4656,WinEventLog:Security,WinEventLog:Security,kraken.local,we8460srv.waynecorpinc.local,WAYNECORPINC,success,A handle to an object was requested,"['access', 'file', 'os', 'resource', 'security', 'start', 'windows']","['access', 'file', 'os', 'resource', 'security', 'start', 'windows']",23,0,Lara.Culbreth,Microsoft,botsv1~59~25FE58F7-C438-478E-AC42-625F7A4D81D6,59:746611818,none,1473363165,"08/28/2016 22:02:17 PM
LogName=Security
SourceName=Microsoft Windows security auditing.
EventCode=4656
EventType=0
Type=Information
ComputerName=we8460srv.waynecorpinc.local
TaskCategory=File System
OpCode=Info
RecordNumber=525118
Keywords=Audit Success","08/28/2016 22:02:17 PM
LogName=Security
SourceName=Microsoft Windows security auditing.
EventCode=4656
EventType=0
Type=Information
ComputerName=we8460srv.waynecorpinc.local
TaskCategory=File System
OpCode=Info
RecordNumber=525118
Keywords=Audit Success
Message=A handle to an object was requested.

Subject:
	Security ID:		WAYNECORPINC\Lara.Culbreth
	Account Name:		Lara.Culbreth
	Account Domain:		WAYNECORPINC
	Logon ID:		0x4ECABD

Object:
	Object Server:		Security
	Object Type:		File
	Object Name:		C:\Windows\diagnostics\system\Apps
	Handle ID:		0x518
	Resource Attributes:	-

Process Information:
	Process ID:		0x348
	Process Name:		C:\Windows\System32\cleanmgr.exe

Access Request Information:
	Transaction ID:		{00000000-0000-0000-0000-000000000000}
	Accesses:		SYNCHRONIZE
				ReadData (or ListDirectory)
				
	Access Reasons:		SYNCHRONIZE:	Granted by	D:(A;;0x1200a9;;;BU)
				ReadData (or ListDirectory):	Granted by	D:(A;;0x1200a9;;;BU)
				
	Access Mask:		0x100001
	Privileges Used for Access Check:	-
	Restricted SID Count:	0
",41184,"['kraken.local', 'botsv1']",WinEventLog:Security,2016-08-28 16:02:17.000 MDT,,0x348,C:\Windows\System32\cleanmgr.exe,,,,,,,,,,,,,,,,,0x100001,SYNCHRONIZE:	Granted by	D:(A;;0x1200a9;;;BU),SYNCHRONIZE,0x518,C:\Windows\diagnostics\system\Apps,Security,File,-,Granted by	D:(A;;0x1200a9;;;BU),-,0,{00000000-0000-0000-0000-000000000000},Used for Access Check:	-,Used for Access Check:	-,,,,,Запрос дескриптора объекта (возможный доступ к файлам),LOW
"['WAYNECORPINC', 'WAYNECORPINC']","['we4837srv$', 'we4837srv$']",we4837srv.waynecorpinc.local,,4703,0,Audit Success,Security,"['0x3E7', '0x3E7']","A user right was adjusted.

Subject:
	Security ID:		NT AUTHORITY\SYSTEM
	Account Name:		we4837srv$
	Account Domain:		WAYNECORPINC
	Logon ID:		0x3E7

Target Account:
	Security ID:		NT AUTHORITY\SYSTEM
	Account Name:		we4837srv$
	Account Domain:		WAYNECORPINC
	Logon ID:		0x3E7

Process Information:
	Process ID:		0x3b8
	Process Name:		C:\Windows\System32\svchost.exe

Enabled Privileges:
			SeAssignPrimaryTokenPrivilege
			SeIncreaseQuotaPrivilege
			SeSecurityPrivilege
			SeTakeOwnershipPrivilege
			SeLoadDriverPrivilege
			SeSystemtimePrivilege
			SeBackupPrivilege
			SeRestorePrivilege
			SeShutdownPrivilege
			SeSystemEnvironmentPrivilege
			SeUndockPrivilege
			SeManageVolumePrivilege

Disabled Privileges:
			-",,,Info,,543971,"['NT AUTHORITY\\SYSTEM', 'NT AUTHORITY\\SYSTEM']",Microsoft Windows security auditing.,Authorization Policy Change,,,Information,success,win:unknown,"A user right was adjusted.

Subject:
	Security ID:		NT AUTHORITY\SYSTEM
	Account Name:		we4837srv$
	Account Domain:		WAYNECORPINC
	Logon ID:		0x3E7

Target Account:
	Security ID:		NT AUTHORITY\SYSTEM
	Account Name:		we4837srv$
	Account Domain:		WAYNECORPINC
	Logon ID:		0x3E7

Process Information:
	Process ID:		0x3b8
	Process Name:		C:\Windows\System32\svchost.exe

Enabled Privileges:
			SeAssignPrimaryTokenPrivilege
			SeIncreaseQuotaPrivilege
			SeSecurityPrivilege
			SeTakeOwnershipPrivilege
			SeLoadDriverPrivilege
			SeSystemtimePrivilege
			SeBackupPrivilege
			SeRestorePrivilege
			SeShutdownPrivilege
			SeSystemEnvironmentPrivilege
			SeUndockPrivilege
			SeManageVolumePrivilege

Disabled Privileges:
			-",22,28,2,august,17,sunday,2016,local,we4837srv.waynecorpinc.local,WAYNECORPINC,we4837srv.waynecorpinc.local,we4837srv,we4837srv,543971,"['wineventlog_security', 'wineventlog_windows', 'winsec']",we4837srv,543971,botsv1,46,"we4837srv$
we4837srv$","NT AUTHORITY\SYSTEM
NT AUTHORITY\SYSTEM",NT AUTHORITY\,,WinEventLog:Security,Windows,//_::_==___.====..=__===_=____.:t_:tt_\t_:tt$t_:tt,0x3E7,Information,0,,4703,WinEventLog:Security,WinEventLog:Security,kraken.local,we4837srv.waynecorpinc.local,WAYNECORPINC,success,,"['os', 'security', 'windows']","['os', 'security', 'windows']",23,0,we4837srv$,Microsoft,botsv1~59~25FE58F7-C438-478E-AC42-625F7A4D81D6,59:669618916,none,1473361954,"08/28/2016 22:02:17 PM
LogName=Security
SourceName=Microsoft Windows security auditing.
EventCode=4703
EventType=0
Type=Information
ComputerName=we4837srv.waynecorpinc.local
TaskCategory=Authorization Policy Change
OpCode=Info
RecordNumber=543971
Keywords=Audit Success","08/28/2016 22:02:17 PM
LogName=Security
SourceName=Microsoft Windows security auditing.
EventCode=4703
EventType=0
Type=Information
ComputerName=we4837srv.waynecorpinc.local
TaskCategory=Authorization Policy Change
OpCode=Info
RecordNumber=543971
Keywords=Audit Success
Message=A user right was adjusted.

Subject:
	Security ID:		NT AUTHORITY\SYSTEM
	Account Name:		we4837srv$
	Account Domain:		WAYNECORPINC
	Logon ID:		0x3E7

Target Account:
	Security ID:		NT AUTHORITY\SYSTEM
	Account Name:		we4837srv$
	Account Domain:		WAYNECORPINC
	Logon ID:		0x3E7

Process Information:
	Process ID:		0x3b8
	Process Name:		C:\Windows\System32\svchost.exe

Enabled Privileges:
			SeAssignPrimaryTokenPrivilege
			SeIncreaseQuotaPrivilege
			SeSecurityPrivilege
			SeTakeOwnershipPrivilege
			SeLoadDriverPrivilege
			SeSystemtimePrivilege
			SeBackupPrivilege
			SeRestorePrivilege
			SeShutdownPrivilege
			SeSystemEnvironmentPrivilege
			SeUndockPrivilege
			SeManageVolumePrivilege

Disabled Privileges:
			-
",41185,"['kraken.local', 'botsv1']",WinEventLog:Security,2016-08-28 16:02:17.000 MDT,,0x3b8,C:\Windows\System32\svchost.exe,,,,,,,,,,,,,,we4837srv$,,,,,,,,,,,,,,,,,,,,,Изменение прав пользователя (эскалация привилегий),HIGH
WAYNECORPINC,we4404srv$,we4404srv.waynecorpinc.local,,4689,0,Audit Success,Security,0x3E7,"A process has exited.

Subject:
	Security ID:		NT AUTHORITY\SYSTEM
	Account Name:		we4404srv$
	Account Domain:		WAYNECORPINC
	Logon ID:		0x3E7

Process Information:
	Process ID:	0xf20
	Process Name:	C:\Program Files\SplunkUniversalForwarder\bin\splunk-regmon.exe
	Exit Status:	0x1",,,Info,,16956,NT AUTHORITY\SYSTEM,Microsoft Windows security auditing.,Process Termination,,,Information,success,win:unknown,"A process has exited.

Subject:
	Security ID:		NT AUTHORITY\SYSTEM
	Account Name:		we4404srv$
	Account Domain:		WAYNECORPINC
	Logon ID:		0x3E7

Process Information:
	Process ID:	0xf20
	Process Name:	C:\Program Files\SplunkUniversalForwarder\bin\splunk-regmon.exe
	Exit Status:	0x1",22,28,2,august,17,sunday,2016,local,we4404srv.waynecorpinc.local,WAYNECORPINC,we4404srv.waynecorpinc.local,we4404srv,we4404srv,16956,"['windows_process_exit', 'wineventlog_security', 'wineventlog_windows', 'winsec']",we4404srv,16956,botsv1,24,we4404srv$,NT AUTHORITY\SYSTEM,NT AUTHORITY\,A process has exited,WinEventLog:Security,Windows,//_::_==___.====..=_===_=___.:t_:tt_\t_:tt$t_:ttt_,0x3E7,Information,0,A process has exited,4689,WinEventLog:Security,WinEventLog:Security,kraken.local,we4404srv.waynecorpinc.local,NT AUTHORITY,success,A process has exited,"['execute', 'os', 'process', 'security', 'stop', 'windows']","['execute', 'os', 'process', 'security', 'stop', 'windows']",23,0,we4404srv$,Microsoft,botsv1~59~25FE58F7-C438-478E-AC42-625F7A4D81D6,59:562627696,none,1473360287,"08/28/2016 22:02:17 PM
LogName=Security
SourceName=Microsoft Windows security auditing.
EventCode=4689
EventType=0
Type=Information
ComputerName=we4404srv.waynecorpinc.local
TaskCategory=Process Termination
OpCode=Info
RecordNumber=16956
Keywords=Audit Success","08/28/2016 22:02:17 PM
LogName=Security
SourceName=Microsoft Windows security auditing.
EventCode=4689
EventType=0
Type=Information
ComputerName=we4404srv.waynecorpinc.local
TaskCategory=Process Termination
OpCode=Info
RecordNumber=16956
Keywords=Audit Success
Message=A process has exited.

Subject:
	Security ID:		NT AUTHORITY\SYSTEM
	Account Name:		we4404srv$
	Account Domain:		WAYNECORPINC
	Logon ID:		0x3E7

Process Information:
	Process ID:	0xf20
	Process Name:	C:\Program Files\SplunkUniversalForwarder\bin\splunk-regmon.exe
	Exit Status:	0x1
",41186,"['kraken.local', 'botsv1']",WinEventLog:Security,2016-08-28 16:02:17.000 MDT,0x1,0xf20,C:\Program Files\SplunkUniversalForwarder\bin\splunk-regmon.exe,,,,,,,,,,,,,,,,,,,,,,,,,,,,,,,,,,,Завершение процесса,LOW
WAYNECORPINC,we8153srv$,we8153srv.waynecorpinc.local,,4689,0,Audit Success,Security,0x3E7,"A process has exited.

Subject:
	Security ID:		NT AUTHORITY\SYSTEM
	Account Name:		we8153srv$
	Account Domain:		WAYNECORPINC
	Logon ID:		0x3E7

Process Information:
	Process ID:	0x72c
	Process Name:	C:\Program Files\SplunkUniversalForwarder\bin\splunk-winprintmon.exe
	Exit Status:	0x1",,,Info,,515361,NT AUTHORITY\SYSTEM,Microsoft Windows security auditing.,Process Termination,,,Information,success,win:unknown,"A process has exited.

Subject:
	Security ID:		NT AUTHORITY\SYSTEM
	Account Name:		we8153srv$
	Account Domain:		WAYNECORPINC
	Logon ID:		0x3E7

Process Information:
	Process ID:	0x72c
	Process Name:	C:\Program Files\SplunkUniversalForwarder\bin\splunk-winprintmon.exe
	Exit Status:	0x1",22,28,2,august,17,sunday,2016,local,we8153srv.waynecorpinc.local,WAYNECORPINC,we8153srv.waynecorpinc.local,we8153srv,we8153srv,515361,"['windows_process_exit', 'wineventlog_security', 'wineventlog_windows', 'winsec']",we8153srv,515361,botsv1,24,we8153srv$,NT AUTHORITY\SYSTEM,NT AUTHORITY\,A process has exited,WinEventLog:Security,Windows,//_::_==___.====..=_===_=___.:t_:tt_\t_:tt$t_:ttt_,0x3E7,Information,0,A process has exited,4689,WinEventLog:Security,WinEventLog:Security,kraken.local,we8153srv.waynecorpinc.local,NT AUTHORITY,success,A process has exited,"['execute', 'os', 'process', 'security', 'stop', 'windows']","['execute', 'os', 'process', 'security', 'stop', 'windows']",23,0,we8153srv$,Microsoft,botsv1~59~25FE58F7-C438-478E-AC42-625F7A4D81D6,59:502117094,none,1473359346,"08/28/2016 22:02:17 PM
LogName=Security
SourceName=Microsoft Windows security auditing.
EventCode=4689
EventType=0
Type=Information
ComputerName=we8153srv.waynecorpinc.local
TaskCategory=Process Termination
OpCode=Info
RecordNumber=515361
Keywords=Audit Success","08/28/2016 22:02:17 PM
LogName=Security
SourceName=Microsoft Windows security auditing.
EventCode=4689
EventType=0
Type=Information
ComputerName=we8153srv.waynecorpinc.local
TaskCategory=Process Termination
OpCode=Info
RecordNumber=515361
Keywords=Audit Success
Message=A process has exited.

Subject:
	Security ID:		NT AUTHORITY\SYSTEM
	Account Name:		we8153srv$
	Account Domain:		WAYNECORPINC
	Logon ID:		0x3E7

Process Information:
	Process ID:	0x72c
	Process Name:	C:\Program Files\SplunkUniversalForwarder\bin\splunk-winprintmon.exe
	Exit Status:	0x1
",41187,"['kraken.local', 'botsv1']",WinEventLog:Security,2016-08-28 16:02:17.000 MDT,0x1,0x72c,C:\Program Files\SplunkUniversalForwarder\bin\splunk-winprintmon.exe,,,,,,,,,,,,,,,,,,,,,,,,,,,,,,,,,,,Завершение процесса,LOW
WAYNECORPINC,we6867srv$,we6867srv.waynecorpinc.local,,4689,0,Audit Success,Security,0x3E7,"A process has exited.

Subject:
	Security ID:		NT AUTHORITY\SYSTEM
	Account Name:		we6867srv$
	Account Domain:		WAYNECORPINC
	Logon ID:		0x3E7

Process Information:
	Process ID:	0x244
	Process Name:	C:\Program Files\SplunkUniversalForwarder\bin\splunk-MonitorNoHandle.exe
	Exit Status:	0x1",,,Info,,521535,NT AUTHORITY\SYSTEM,Microsoft Windows security auditing.,Process Termination,,,Information,success,win:unknown,"A process has exited.

Subject:
	Security ID:		NT AUTHORITY\SYSTEM
	Account Name:		we6867srv$
	Account Domain:		WAYNECORPINC
	Logon ID:		0x3E7

Process Information:
	Process ID:	0x244
	Process Name:	C:\Program Files\SplunkUniversalForwarder\bin\splunk-MonitorNoHandle.exe
	Exit Status:	0x1",22,28,2,august,17,sunday,2016,local,we6867srv.waynecorpinc.local,WAYNECORPINC,we6867srv.waynecorpinc.local,we6867srv,we6867srv,521535,"['windows_process_exit', 'wineventlog_security', 'wineventlog_windows', 'winsec']",we6867srv,521535,botsv1,24,we6867srv$,NT AUTHORITY\SYSTEM,NT AUTHORITY\,A process has exited,WinEventLog:Security,Windows,//_::_==___.====..=_===_=___.:t_:tt_\t_:tt$t_:ttt_,0x3E7,Information,0,A process has exited,4689,WinEventLog:Security,WinEventLog:Security,kraken.local,we6867srv.waynecorpinc.local,NT AUTHORITY,success,A process has exited,"['execute', 'os', 'process', 'security', 'stop', 'windows']","['execute', 'os', 'process', 'security', 'stop', 'windows']",23,0,we6867srv$,Microsoft,botsv1~59~25FE58F7-C438-478E-AC42-625F7A4D81D6,59:297459942,none,1473356140,"08/28/2016 22:02:17 PM
LogName=Security
SourceName=Microsoft Windows security auditing.
EventCode=4689
EventType=0
Type=Information
ComputerName=we6867srv.waynecorpinc.local
TaskCategory=Process Termination
OpCode=Info
RecordNumber=521535
Keywords=Audit Success","08/28/2016 22:02:17 PM
LogName=Security
SourceName=Microsoft Windows security auditing.
EventCode=4689
EventType=0
Type=Information
ComputerName=we6867srv.waynecorpinc.local
TaskCategory=Process Termination
OpCode=Info
RecordNumber=521535
Keywords=Audit Success
Message=A process has exited.

Subject:
	Security ID:		NT AUTHORITY\SYSTEM
	Account Name:		we6867srv$
	Account Domain:		WAYNECORPINC
	Logon ID:		0x3E7

Process Information:
	Process ID:	0x244
	Process Name:	C:\Program Files\SplunkUniversalForwarder\bin\splunk-MonitorNoHandle.exe
	Exit Status:	0x1
",41188,"['kraken.local', 'botsv1']",WinEventLog:Security,2016-08-28 16:02:17.000 MDT,0x1,0x244,C:\Program Files\SplunkUniversalForwarder\bin\splunk-MonitorNoHandle.exe,,,,,,,,,,,,,,,,,,,,,,,,,,,,,,,,,,,Завершение процесса,LOW
WAYNECORPINC,we5364srv$,we5364srv.waynecorpinc.local,,4689,0,Audit Success,Security,0x3E7,"A process has exited.

Subject:
	Security ID:		NT AUTHORITY\SYSTEM
	Account Name:		we5364srv$
	Account Domain:		WAYNECORPINC
	Logon ID:		0x3E7

Process Information:
	Process ID:	0xa5c
	Process Name:	C:\Program Files\SplunkUniversalForwarder\bin\splunk-powershell.exe
	Exit Status:	0x1",,,Info,,25176,NT AUTHORITY\SYSTEM,Microsoft Windows security auditing.,Process Termination,,,Information,success,win:unknown,"A process has exited.

Subject:
	Security ID:		NT AUTHORITY\SYSTEM
	Account Name:		we5364srv$
	Account Domain:		WAYNECORPINC
	Logon ID:		0x3E7

Process Information:
	Process ID:	0xa5c
	Process Name:	C:\Program Files\SplunkUniversalForwarder\bin\splunk-powershell.exe
	Exit Status:	0x1",22,28,2,august,17,sunday,2016,local,we5364srv.waynecorpinc.local,WAYNECORPINC,we5364srv.waynecorpinc.local,we5364srv,we5364srv,25176,"['windows_process_exit', 'wineventlog_security', 'wineventlog_windows', 'winsec']",we5364srv,25176,botsv1,24,we5364srv$,NT AUTHORITY\SYSTEM,NT AUTHORITY\,A process has exited,WinEventLog:Security,Windows,//_::_==___.====..=_===_=___.:t_:tt_\t_:tt$t_:ttt_,0x3E7,Information,0,A process has exited,4689,WinEventLog:Security,WinEventLog:Security,kraken.local,we5364srv.waynecorpinc.local,NT AUTHORITY,success,A process has exited,"['execute', 'os', 'process', 'security', 'stop', 'windows']","['execute', 'os', 'process', 'security', 'stop', 'windows']",23,0,we5364srv$,Microsoft,botsv1~59~25FE58F7-C438-478E-AC42-625F7A4D81D6,59:284914425,none,1473355945,"08/28/2016 22:02:17 PM
LogName=Security
SourceName=Microsoft Windows security auditing.
EventCode=4689
EventType=0
Type=Information
ComputerName=we5364srv.waynecorpinc.local
TaskCategory=Process Termination
OpCode=Info
RecordNumber=25176
Keywords=Audit Success","08/28/2016 22:02:17 PM
LogName=Security
SourceName=Microsoft Windows security auditing.
EventCode=4689
EventType=0
Type=Information
ComputerName=we5364srv.waynecorpinc.local
TaskCategory=Process Termination
OpCode=Info
RecordNumber=25176
Keywords=Audit Success
Message=A process has exited.

Subject:
	Security ID:		NT AUTHORITY\SYSTEM
	Account Name:		we5364srv$
	Account Domain:		WAYNECORPINC
	Logon ID:		0x3E7

Process Information:
	Process ID:	0xa5c
	Process Name:	C:\Program Files\SplunkUniversalForwarder\bin\splunk-powershell.exe
	Exit Status:	0x1
",41189,"['kraken.local', 'botsv1']",WinEventLog:Security,2016-08-28 16:02:17.000 MDT,0x1,0xa5c,C:\Program Files\SplunkUniversalForwarder\bin\splunk-powershell.exe,,,,,,,,,,,,,,,,,,,,,,,,,,,,,,,,,,,Завершение процесса,LOW
"['WAYNECORPINC', 'WAYNECORPINC']","['we1159srv$', 'we1159srv$']",we1159srv.waynecorpinc.local,,4703,0,Audit Success,Security,"['0x3E7', '0x3E7']","A user right was adjusted.

Subject:
	Security ID:		NT AUTHORITY\SYSTEM
	Account Name:		we1159srv$
	Account Domain:		WAYNECORPINC
	Logon ID:		0x3E7

Target Account:
	Security ID:		NT AUTHORITY\SYSTEM
	Account Name:		we1159srv$
	Account Domain:		WAYNECORPINC
	Logon ID:		0x3E7

Process Information:
	Process ID:		0x15c4
	Process Name:		C:\Windows\WinSxS\amd64_microsoft-windows-servicingstack_31bf3856ad364e35_10.0.10586.486_none_7640e086266ea227\TiWorker.exe

Enabled Privileges:
			SeSecurityPrivilege

Disabled Privileges:
			-",,,Info,,531483,"['NT AUTHORITY\\SYSTEM', 'NT AUTHORITY\\SYSTEM']",Microsoft Windows security auditing.,Authorization Policy Change,,,Information,success,win:unknown,"A user right was adjusted.

Subject:
	Security ID:		NT AUTHORITY\SYSTEM
	Account Name:		we1159srv$
	Account Domain:		WAYNECORPINC
	Logon ID:		0x3E7

Target Account:
	Security ID:		NT AUTHORITY\SYSTEM
	Account Name:		we1159srv$
	Account Domain:		WAYNECORPINC
	Logon ID:		0x3E7

Process Information:
	Process ID:		0x15c4
	Process Name:		C:\Windows\WinSxS\amd64_microsoft-windows-servicingstack_31bf3856ad364e35_10.0.10586.486_none_7640e086266ea227\TiWorker.exe

Enabled Privileges:
			SeSecurityPrivilege

Disabled Privileges:
			-",22,28,2,august,17,sunday,2016,local,we1159srv.waynecorpinc.local,WAYNECORPINC,we1159srv.waynecorpinc.local,we1159srv,we1159srv,531483,"['wineventlog_security', 'wineventlog_windows', 'winsec']",we1159srv,531483,botsv1,35,"we1159srv$
we1159srv$","NT AUTHORITY\SYSTEM
NT AUTHORITY\SYSTEM",NT AUTHORITY\,,WinEventLog:Security,Windows,//_::_==___.====..=__===_=____.:t_:tt_\t_:tt$t_:tt,0x3E7,Information,0,,4703,WinEventLog:Security,WinEventLog:Security,kraken.local,we1159srv.waynecorpinc.local,WAYNECORPINC,success,,"['os', 'security', 'windows']","['os', 'security', 'windows']",23,0,we1159srv$,Microsoft,botsv1~59~25FE58F7-C438-478E-AC42-625F7A4D81D6,59:270066747,none,1473355710,"08/28/2016 22:02:17 PM
LogName=Security
SourceName=Microsoft Windows security auditing.
EventCode=4703
EventType=0
Type=Information
ComputerName=we1159srv.waynecorpinc.local
TaskCategory=Authorization Policy Change
OpCode=Info
RecordNumber=531483
Keywords=Audit Success","08/28/2016 22:02:17 PM
LogName=Security
SourceName=Microsoft Windows security auditing.
EventCode=4703
EventType=0
Type=Information
ComputerName=we1159srv.waynecorpinc.local
TaskCategory=Authorization Policy Change
OpCode=Info
RecordNumber=531483
Keywords=Audit Success
Message=A user right was adjusted.

Subject:
	Security ID:		NT AUTHORITY\SYSTEM
	Account Name:		we1159srv$
	Account Domain:		WAYNECORPINC
	Logon ID:		0x3E7

Target Account:
	Security ID:		NT AUTHORITY\SYSTEM
	Account Name:		we1159srv$
	Account Domain:		WAYNECORPINC
	Logon ID:		0x3E7

Process Information:
	Process ID:		0x15c4
	Process Name:		C:\Windows\WinSxS\amd64_microsoft-windows-servicingstack_31bf3856ad364e35_10.0.10586.486_none_7640e086266ea227\TiWorker.exe

Enabled Privileges:
			SeSecurityPrivilege

Disabled Privileges:
			-
",41190,"['kraken.local', 'botsv1']",WinEventLog:Security,2016-08-28 16:02:17.000 MDT,,0x15c4,C:\Windows\WinSxS\amd64_microsoft-windows-servicingstack_31bf3856ad364e35_10.0.10586.486_none_7640e086266ea227\TiWorker.exe,,,,,,,,,,,,,,we1159srv$,,,,,,,,,,,,,,,,,,,,,Изменение прав пользователя (эскалация привилегий),HIGH
WAYNECORPINC,we3134srv$,we3134srv.waynecorpinc.local,0xc24,4688,0,Audit Success,Security,0x3E7,"A new process has been created.

Subject:
	Security ID:		NT AUTHORITY\SYSTEM
	Account Name:		we3134srv$
	Account Domain:		WAYNECORPINC
	Logon ID:		0x3E7

Process Information:
	New Process ID:		0xa78
	New Process Name:	C:\Program Files\SplunkUniversalForwarder\bin\splunk-admon.exe
	Token Elevation Type:	TokenElevationTypeDefault (1)
	Creator Process ID:	0xc24
	Process Command Line:	""C:\Program Files\SplunkUniversalForwarder\bin\splunk-admon.exe""

Token Elevation Type indicates the type of token that was assigned to the new process in accordance with User Account Control policy.

Type 1 is a full token with no privileges removed or groups disabled.  A full token is only used if User Account Control is disabled or if the user is the built-in Administrator account or a service account.

Type 2 is an elevated token with no privileges removed or groups disabled.  An elevated token is used when User Account Control is enabled and the user chooses to start the program using Run as administrator.  An elevated token is also used when an application is configured to always require administrative privilege or to always require maximum privilege, and the user is a member of the Administrators group.

Type 3 is a limited token with administrative privileges removed and administrative groups disabled.  The limited token is used when User Account Control is enabled, the application does not require administrative privilege, and the user does not choose to start the program using Run as administrator.",0xa78,C:\Program Files\SplunkUniversalForwarder\bin\splunk-admon.exe,Info,"""C:\Program Files\SplunkUniversalForwarder\bin\splunk-admon.exe""",33975,NT AUTHORITY\SYSTEM,Microsoft Windows security auditing.,Process Creation,TokenElevationTypeDefault (1),1,Information,success,win:unknown,"A new process has been created.

Subject:
	Security ID:		NT AUTHORITY\SYSTEM
	Account Name:		we3134srv$
	Account Domain:		WAYNECORPINC
	Logon ID:		0x3E7

Process Information:
	New Process ID:		0xa78
	New Process Name:	C:\Program Files\SplunkUniversalForwarder\bin\splunk-admon.exe
	Token Elevation Type:	TokenElevationTypeDefault (1)
	Creator Process ID:	0xc24
	Process Command Line:	""C:\Program Files\SplunkUniversalForwarder\bin\splunk-admon.exe""

Token Elevation Type indicates the type of token that was assigned to the new process in accordance with User Account Control policy.

Type 1 is a full token with no privileges removed or groups disabled.  A full token is only used if User Account Control is disabled or if the user is the built-in Administrator account or a service account.

Type 2 is an elevated token with no privileges removed or groups disabled.  An elevated token is used when User Account Control is enabled and the user chooses to start the program using Run as administrator.  An elevated token is also used when an application is configured to always require administrative privilege or to always require maximum privilege, and the user is a member of the Administrators group.

Type 3 is a limited token with administrative privileges removed and administrative groups disabled.  The limited token is used when User Account Control is enabled, the application does not require administrative privilege, and the user does not choose to start the program using Run as administrator.",22,28,2,august,17,sunday,2016,local,we3134srv.waynecorpinc.local,WAYNECORPINC,we3134srv.waynecorpinc.local,we3134srv,we3134srv,33975,"['windows_process_new', 'wineventlog_security', 'wineventlog_windows', 'winsec']",we3134srv,33975,botsv1,34,we3134srv$,NT AUTHORITY\SYSTEM,NT AUTHORITY\,A new process has been created,WinEventLog:Security,Windows,//_::_==___.====..=_===_=_____.:t_:tt_\t_:tt$t_:tt,0x3E7,Information,0,A new process has been created,4688,WinEventLog:Security,WinEventLog:Security,kraken.local,we3134srv.waynecorpinc.local,NT AUTHORITY,success,A new process has been created,"['execute', 'os', 'process', 'security', 'start', 'windows']","['execute', 'os', 'process', 'security', 'start', 'windows']",23,0,we3134srv$,Microsoft,botsv1~59~25FE58F7-C438-478E-AC42-625F7A4D81D6,59:205626455,none,1473354691,"08/28/2016 22:02:17 PM
LogName=Security
SourceName=Microsoft Windows security auditing.
EventCode=4688
EventType=0
Type=Information
ComputerName=we3134srv.waynecorpinc.local
TaskCategory=Process Creation
OpCode=Info
RecordNumber=33975
Keywords=Audit Success","08/28/2016 22:02:17 PM
